# JRE version: Java(TM) SE Runtime Environment (8.0_60-b27) (build 1.8.0_60-b27)
# Java VM: Java HotSpot(TM) 64-Bit Server VM (25.60-b23 mixed mode windows-amd64 compressed oops)
Heap:
 PSYoungGen      total 133632K, used 44200K [0x0000000758500000, 0x0000000764880000, 0x00000007c0000000)
  eden space 120320K, 36% used [0x0000000758500000,0x000000075b02a3a0,0x000000075fa80000)
  from space 13312K, 0% used [0x000000075fa80000,0x000000075fa80000,0x0000000760780000)
  to   space 12800K, 0% used [0x0000000763c00000,0x0000000763c00000,0x0000000764880000)
 ParOldGen       total 181248K, used 16531K [0x0000000688e00000, 0x0000000693f00000, 0x0000000758500000)
  object space 181248K, 9% used [0x0000000688e00000,0x0000000689e24e20,0x0000000693f00000)
 Metaspace       used 37461K, capacity 38792K, committed 38912K, reserved 1083392K
  class space    used 5057K, capacity 5331K, committed 5376K, reserved 1048576K
GC Heap History (10 events):
Event: 1.296 GC heap before
{Heap before GC invocations=3 (full 1):
 PSYoungGen      total 93184K, used 9714K [0x0000000758500000, 0x0000000763b00000, 0x00000007c0000000)
  eden space 79872K, 0% used [0x0000000758500000,0x0000000758500000,0x000000075d300000)
  from space 13312K, 72% used [0x000000075e000000,0x000000075e97cbf0,0x000000075ed00000)
  to   space 13312K, 0% used [0x000000075d300000,0x000000075d300000,0x000000075e000000)
 ParOldGen       total 212992K, used 88K [0x0000000688e00000, 0x0000000695e00000, 0x0000000758500000)
  object space 212992K, 0% used [0x0000000688e00000,0x0000000688e16010,0x0000000695e00000)
 Metaspace       used 20650K, capacity 21226K, committed 21296K, reserved 1067008K
  class space    used 2785K, capacity 2940K, committed 2944K, reserved 1048576K
Event: 1.329 GC heap after
Heap after GC invocations=3 (full 1):
 PSYoungGen      total 93184K, used 0K [0x0000000758500000, 0x0000000763b00000, 0x00000007c0000000)
  eden space 79872K, 0% used [0x0000000758500000,0x0000000758500000,0x000000075d300000)
  from space 13312K, 0% used [0x000000075e000000,0x000000075e000000,0x000000075ed00000)
  to   space 13312K, 0% used [0x000000075d300000,0x000000075d300000,0x000000075e000000)
 ParOldGen       total 122368K, used 9553K [0x0000000688e00000, 0x0000000690580000, 0x0000000758500000)
  object space 122368K, 7% used [0x0000000688e00000,0x00000006897544b0,0x0000000690580000)
 Metaspace       used 20650K, capacity 21226K, committed 21296K, reserved 1067008K
  class space    used 2785K, capacity 2940K, committed 2944K, reserved 1048576K
}
Event: 2.219 GC heap before
{Heap before GC invocations=4 (full 1):
 PSYoungGen      total 93184K, used 79872K [0x0000000758500000, 0x0000000763b00000, 0x00000007c0000000)
  eden space 79872K, 100% used [0x0000000758500000,0x000000075d300000,0x000000075d300000)
  from space 13312K, 0% used [0x000000075e000000,0x000000075e000000,0x000000075ed00000)
  to   space 13312K, 0% used [0x000000075d300000,0x000000075d300000,0x000000075e000000)
 ParOldGen       total 122368K, used 9553K [0x0000000688e00000, 0x0000000690580000, 0x0000000758500000)
  object space 122368K, 7% used [0x0000000688e00000,0x00000006897544b0,0x0000000690580000)
 Metaspace       used 29144K, capacity 29820K, committed 30208K, reserved 1075200K
  class space    used 3880K, capacity 4077K, committed 4096K, reserved 1048576K
Event: 2.228 GC heap after
Heap after GC invocations=4 (full 1):
 PSYoungGen      total 93184K, used 8612K [0x0000000758500000, 0x0000000761600000, 0x00000007c0000000)
  eden space 79872K, 0% used [0x0000000758500000,0x0000000758500000,0x000000075d300000)
  from space 13312K, 64% used [0x000000075d300000,0x000000075db691e8,0x000000075e000000)
  to   space 13312K, 0% used [0x0000000760900000,0x0000000760900000,0x0000000761600000)
 ParOldGen       total 122368K, used 9561K [0x0000000688e00000, 0x0000000690580000, 0x0000000758500000)
  object space 122368K, 7% used [0x0000000688e00000,0x00000006897564b0,0x0000000690580000)
 Metaspace       used 29144K, capacity 29820K, committed 30208K, reserved 1075200K
  class space    used 3880K, capacity 4077K, committed 4096K, reserved 1048576K
}
Event: 4.567 GC heap before
{Heap before GC invocations=5 (full 1):
 PSYoungGen      total 93184K, used 87139K [0x0000000758500000, 0x0000000761600000, 0x00000007c0000000)
  eden space 79872K, 98% used [0x0000000758500000,0x000000075d1afa18,0x000000075d300000)
  from space 13312K, 64% used [0x000000075d300000,0x000000075db691e8,0x000000075e000000)
  to   space 13312K, 0% used [0x0000000760900000,0x0000000760900000,0x0000000761600000)
 ParOldGen       total 122368K, used 9561K [0x0000000688e00000, 0x0000000690580000, 0x0000000758500000)
  object space 122368K, 7% used [0x0000000688e00000,0x00000006897564b0,0x0000000690580000)
 Metaspace       used 33768K, capacity 34544K, committed 34944K, reserved 1079296K
  class space    used 4417K, capacity 4621K, committed 4736K, reserved 1048576K
Event: 4.582 GC heap after
Heap after GC invocations=5 (full 1):
 PSYoungGen      total 129536K, used 11667K [0x0000000758500000, 0x0000000761480000, 0x00000007c0000000)
  eden space 117760K, 0% used [0x0000000758500000,0x0000000758500000,0x000000075f800000)
  from space 11776K, 99% used [0x0000000760900000,0x0000000761464e10,0x0000000761480000)
  to   space 13312K, 0% used [0x000000075fa80000,0x000000075fa80000,0x0000000760780000)
 ParOldGen       total 122368K, used 9569K [0x0000000688e00000, 0x0000000690580000, 0x0000000758500000)
  object space 122368K, 7% used [0x0000000688e00000,0x00000006897584b0,0x0000000690580000)
 Metaspace       used 33768K, capacity 34544K, committed 34944K, reserved 1079296K
  class space    used 4417K, capacity 4621K, committed 4736K, reserved 1048576K
}
Event: 4.883 GC heap before
{Heap before GC invocations=6 (full 1):
 PSYoungGen      total 129536K, used 22955K [0x0000000758500000, 0x0000000761480000, 0x00000007c0000000)
  eden space 117760K, 9% used [0x0000000758500000,0x00000007590060f0,0x000000075f800000)
  from space 11776K, 99% used [0x0000000760900000,0x0000000761464e10,0x0000000761480000)
  to   space 13312K, 0% used [0x000000075fa80000,0x000000075fa80000,0x0000000760780000)
 ParOldGen       total 122368K, used 9569K [0x0000000688e00000, 0x0000000690580000, 0x0000000758500000)
  object space 122368K, 7% used [0x0000000688e00000,0x00000006897584b0,0x0000000690580000)
 Metaspace       used 34575K, capacity 35368K, committed 35496K, reserved 1079296K
  class space    used 4566K, capacity 4789K, committed 4864K, reserved 1048576K
Event: 4.891 GC heap after
Heap after GC invocations=6 (full 1):
 PSYoungGen      total 133632K, used 11637K [0x0000000758500000, 0x0000000764880000, 0x00000007c0000000)
  eden space 120320K, 0% used [0x0000000758500000,0x0000000758500000,0x000000075fa80000)
  from space 13312K, 87% used [0x000000075fa80000,0x00000007605dd5e8,0x0000000760780000)
  to   space 12800K, 0% used [0x0000000763c00000,0x0000000763c00000,0x0000000764880000)
 ParOldGen       total 122368K, used 9577K [0x0000000688e00000, 0x0000000690580000, 0x0000000758500000)
  object space 122368K, 7% used [0x0000000688e00000,0x000000068975a4b0,0x0000000690580000)
 Metaspace       used 34575K, capacity 35368K, committed 35496K, reserved 1079296K
  class space    used 4566K, capacity 4789K, committed 4864K, reserved 1048576K
}
Event: 4.891 GC heap before
{Heap before GC invocations=7 (full 2):
 PSYoungGen      total 133632K, used 11637K [0x0000000758500000, 0x0000000764880000, 0x00000007c0000000)
  eden space 120320K, 0% used [0x0000000758500000,0x0000000758500000,0x000000075fa80000)
  from space 13312K, 87% used [0x000000075fa80000,0x00000007605dd5e8,0x0000000760780000)
  to   space 12800K, 0% used [0x0000000763c00000,0x0000000763c00000,0x0000000764880000)
 ParOldGen       total 122368K, used 9577K [0x0000000688e00000, 0x0000000690580000, 0x0000000758500000)
  object space 122368K, 7% used [0x0000000688e00000,0x000000068975a4b0,0x0000000690580000)
 Metaspace       used 34575K, capacity 35368K, committed 35496K, reserved 1079296K
  class space    used 4566K, capacity 4789K, committed 4864K, reserved 1048576K
Event: 4.940 GC heap after
Heap after GC invocations=7 (full 2):
 PSYoungGen      total 133632K, used 0K [0x0000000758500000, 0x0000000764880000, 0x00000007c0000000)
  eden space 120320K, 0% used [0x0000000758500000,0x0000000758500000,0x000000075fa80000)
  from space 13312K, 0% used [0x000000075fa80000,0x000000075fa80000,0x0000000760780000)
  to   space 12800K, 0% used [0x0000000763c00000,0x0000000763c00000,0x0000000764880000)
 ParOldGen       total 181248K, used 16531K [0x0000000688e00000, 0x0000000693f00000, 0x0000000758500000)
  object space 181248K, 9% used [0x0000000688e00000,0x0000000689e24e20,0x0000000693f00000)
 Metaspace       used 34575K, capacity 35368K, committed 35496K, reserved 1079296K
  class space    used 4566K, capacity 4789K, committed 4864K, reserved 1048576K
}

