# JRE version: Java(TM) SE Runtime Environment (8.0_60-b27) (build 1.8.0_60-b27)
# Java VM: Java HotSpot(TM) 64-Bit Server VM (25.60-b23 mixed mode windows-amd64 compressed oops)
Heap:
 PSYoungGen      total 121344K, used 37617K [0x0000000758500000, 0x0000000762580000, 0x00000007c0000000)
  eden space 108032K, 34% used [0x0000000758500000,0x000000075a9bc628,0x000000075ee80000)
  from space 13312K, 0% used [0x000000075ee80000,0x000000075ee80000,0x000000075fb80000)
  to   space 12800K, 0% used [0x0000000761900000,0x0000000761900000,0x0000000762580000)
 ParOldGen       total 212992K, used 16382K [0x0000000688e00000, 0x0000000695e00000, 0x0000000758500000)
  object space 212992K, 7% used [0x0000000688e00000,0x0000000689dff900,0x0000000695e00000)
 Metaspace       used 37653K, capacity 38966K, committed 39168K, reserved 1083392K
  class space    used 5056K, capacity 5322K, committed 5376K, reserved 1048576K
GC Heap History (10 events):
Event: 1.493 GC heap before
{Heap before GC invocations=3 (full 1):
 PSYoungGen      total 93184K, used 9723K [0x0000000758500000, 0x0000000763b00000, 0x00000007c0000000)
  eden space 79872K, 0% used [0x0000000758500000,0x0000000758500000,0x000000075d300000)
  from space 13312K, 73% used [0x000000075e000000,0x000000075e97ed00,0x000000075ed00000)
  to   space 13312K, 0% used [0x000000075d300000,0x000000075d300000,0x000000075e000000)
 ParOldGen       total 212992K, used 88K [0x0000000688e00000, 0x0000000695e00000, 0x0000000758500000)
  object space 212992K, 0% used [0x0000000688e00000,0x0000000688e16010,0x0000000695e00000)
 Metaspace       used 20662K, capacity 21242K, committed 21296K, reserved 1067008K
  class space    used 2780K, capacity 2940K, committed 2944K, reserved 1048576K
Event: 1.557 GC heap after
Heap after GC invocations=3 (full 1):
 PSYoungGen      total 93184K, used 0K [0x0000000758500000, 0x0000000763b00000, 0x00000007c0000000)
  eden space 79872K, 0% used [0x0000000758500000,0x0000000758500000,0x000000075d300000)
  from space 13312K, 0% used [0x000000075e000000,0x000000075e000000,0x000000075ed00000)
  to   space 13312K, 0% used [0x000000075d300000,0x000000075d300000,0x000000075e000000)
 ParOldGen       total 134144K, used 9550K [0x0000000688e00000, 0x0000000691100000, 0x0000000758500000)
  object space 134144K, 7% used [0x0000000688e00000,0x0000000689753bf8,0x0000000691100000)
 Metaspace       used 20662K, capacity 21242K, committed 21296K, reserved 1067008K
  class space    used 2780K, capacity 2940K, committed 2944K, reserved 1048576K
}
Event: 2.529 GC heap before
{Heap before GC invocations=4 (full 1):
 PSYoungGen      total 93184K, used 79872K [0x0000000758500000, 0x0000000763b00000, 0x00000007c0000000)
  eden space 79872K, 100% used [0x0000000758500000,0x000000075d300000,0x000000075d300000)
  from space 13312K, 0% used [0x000000075e000000,0x000000075e000000,0x000000075ed00000)
  to   space 13312K, 0% used [0x000000075d300000,0x000000075d300000,0x000000075e000000)
 ParOldGen       total 134144K, used 9550K [0x0000000688e00000, 0x0000000691100000, 0x0000000758500000)
  object space 134144K, 7% used [0x0000000688e00000,0x0000000689753bf8,0x0000000691100000)
 Metaspace       used 29117K, capacity 29760K, committed 29952K, reserved 1075200K
  class space    used 3875K, capacity 4077K, committed 4096K, reserved 1048576K
Event: 2.535 GC heap after
Heap after GC invocations=4 (full 1):
 PSYoungGen      total 93184K, used 8528K [0x0000000758500000, 0x0000000760a00000, 0x00000007c0000000)
  eden space 79872K, 0% used [0x0000000758500000,0x0000000758500000,0x000000075d300000)
  from space 13312K, 64% used [0x000000075d300000,0x000000075db541a8,0x000000075e000000)
  to   space 13312K, 0% used [0x000000075fd00000,0x000000075fd00000,0x0000000760a00000)
 ParOldGen       total 134144K, used 9623K [0x0000000688e00000, 0x0000000691100000, 0x0000000758500000)
  object space 134144K, 7% used [0x0000000688e00000,0x0000000689765c08,0x0000000691100000)
 Metaspace       used 29117K, capacity 29760K, committed 29952K, reserved 1075200K
  class space    used 3875K, capacity 4077K, committed 4096K, reserved 1048576K
}
Event: 5.483 GC heap before
{Heap before GC invocations=5 (full 1):
 PSYoungGen      total 93184K, used 87876K [0x0000000758500000, 0x0000000760a00000, 0x00000007c0000000)
  eden space 79872K, 99% used [0x0000000758500000,0x000000075d27d128,0x000000075d300000)
  from space 13312K, 64% used [0x000000075d300000,0x000000075db541a8,0x000000075e000000)
  to   space 13312K, 0% used [0x000000075fd00000,0x000000075fd00000,0x0000000760a00000)
 ParOldGen       total 134144K, used 9623K [0x0000000688e00000, 0x0000000691100000, 0x0000000758500000)
  object space 134144K, 7% used [0x0000000688e00000,0x0000000689765c08,0x0000000691100000)
 Metaspace       used 33777K, capacity 34556K, committed 34944K, reserved 1079296K
  class space    used 4413K, capacity 4621K, committed 4736K, reserved 1048576K
Event: 5.492 GC heap after
Heap after GC invocations=5 (full 1):
 PSYoungGen      total 116736K, used 11569K [0x0000000758500000, 0x0000000760880000, 0x00000007c0000000)
  eden space 104960K, 0% used [0x0000000758500000,0x0000000758500000,0x000000075eb80000)
  from space 11776K, 98% used [0x000000075fd00000,0x000000076084c598,0x0000000760880000)
  to   space 13312K, 0% used [0x000000075ee80000,0x000000075ee80000,0x000000075fb80000)
 ParOldGen       total 134144K, used 9639K [0x0000000688e00000, 0x0000000691100000, 0x0000000758500000)
  object space 134144K, 7% used [0x0000000688e00000,0x0000000689769c08,0x0000000691100000)
 Metaspace       used 33777K, capacity 34556K, committed 34944K, reserved 1079296K
  class space    used 4413K, capacity 4621K, committed 4736K, reserved 1048576K
}
Event: 5.855 GC heap before
{Heap before GC invocations=6 (full 1):
 PSYoungGen      total 116736K, used 23811K [0x0000000758500000, 0x0000000760880000, 0x00000007c0000000)
  eden space 104960K, 11% used [0x0000000758500000,0x00000007590f4978,0x000000075eb80000)
  from space 11776K, 98% used [0x000000075fd00000,0x000000076084c598,0x0000000760880000)
  to   space 13312K, 0% used [0x000000075ee80000,0x000000075ee80000,0x000000075fb80000)
 ParOldGen       total 134144K, used 9639K [0x0000000688e00000, 0x0000000691100000, 0x0000000758500000)
  object space 134144K, 7% used [0x0000000688e00000,0x0000000689769c08,0x0000000691100000)
 Metaspace       used 34578K, capacity 35352K, committed 35496K, reserved 1079296K
  class space    used 4561K, capacity 4779K, committed 4864K, reserved 1048576K
Event: 5.863 GC heap after
Heap after GC invocations=6 (full 1):
 PSYoungGen      total 121344K, used 11517K [0x0000000758500000, 0x0000000762580000, 0x00000007c0000000)
  eden space 108032K, 0% used [0x0000000758500000,0x0000000758500000,0x000000075ee80000)
  from space 13312K, 86% used [0x000000075ee80000,0x000000075f9bf5c8,0x000000075fb80000)
  to   space 12800K, 0% used [0x0000000761900000,0x0000000761900000,0x0000000762580000)
 ParOldGen       total 134144K, used 9647K [0x0000000688e00000, 0x0000000691100000, 0x0000000758500000)
  object space 134144K, 7% used [0x0000000688e00000,0x000000068976bc08,0x0000000691100000)
 Metaspace       used 34578K, capacity 35352K, committed 35496K, reserved 1079296K
  class space    used 4561K, capacity 4779K, committed 4864K, reserved 1048576K
}
Event: 5.863 GC heap before
{Heap before GC invocations=7 (full 2):
 PSYoungGen      total 121344K, used 11517K [0x0000000758500000, 0x0000000762580000, 0x00000007c0000000)
  eden space 108032K, 0% used [0x0000000758500000,0x0000000758500000,0x000000075ee80000)
  from space 13312K, 86% used [0x000000075ee80000,0x000000075f9bf5c8,0x000000075fb80000)
  to   space 12800K, 0% used [0x0000000761900000,0x0000000761900000,0x0000000762580000)
 ParOldGen       total 134144K, used 9647K [0x0000000688e00000, 0x0000000691100000, 0x0000000758500000)
  object space 134144K, 7% used [0x0000000688e00000,0x000000068976bc08,0x0000000691100000)
 Metaspace       used 34578K, capacity 35352K, committed 35496K, reserved 1079296K
  class space    used 4561K, capacity 4779K, committed 4864K, reserved 1048576K
Event: 5.913 GC heap after
Heap after GC invocations=7 (full 2):
 PSYoungGen      total 121344K, used 0K [0x0000000758500000, 0x0000000762580000, 0x00000007c0000000)
  eden space 108032K, 0% used [0x0000000758500000,0x0000000758500000,0x000000075ee80000)
  from space 13312K, 0% used [0x000000075ee80000,0x000000075ee80000,0x000000075fb80000)
  to   space 12800K, 0% used [0x0000000761900000,0x0000000761900000,0x0000000762580000)
 ParOldGen       total 212992K, used 16382K [0x0000000688e00000, 0x0000000695e00000, 0x0000000758500000)
  object space 212992K, 7% used [0x0000000688e00000,0x0000000689dff900,0x0000000695e00000)
 Metaspace       used 34578K, capacity 35352K, committed 35496K, reserved 1079296K
  class space    used 4561K, capacity 4779K, committed 4864K, reserved 1048576K
}

