# JRE version: Java(TM) SE Runtime Environment (8.0_60-b27) (build 1.8.0_60-b27)
# Java VM: Java HotSpot(TM) 64-Bit Server VM (25.60-b23 mixed mode windows-amd64 compressed oops)
Heap:
 PSYoungGen      total 243200K, used 169073K [0x00000000d8500000, 0x00000000e9400000, 0x0000000100000000)
  eden space 216064K, 66% used [0x00000000d8500000,0x00000000e1167428,0x00000000e5800000)
  from space 27136K, 93% used [0x00000000e7900000,0x00000000e91b53c8,0x00000000e9380000)
  to   space 30720K, 0% used [0x00000000e5800000,0x00000000e5800000,0x00000000e7600000)
 ParOldGen       total 78848K, used 47480K [0x0000000088e00000, 0x000000008db00000, 0x00000000d8500000)
  object space 78848K, 60% used [0x0000000088e00000,0x000000008bc5e3f8,0x000000008db00000)
 Metaspace       used 45761K, capacity 47772K, committed 48128K, reserved 1091584K
  class space    used 5914K, capacity 6273K, committed 6400K, reserved 1048576K
GC Heap History (10 events):
Event: 3.083 GC heap before
{Heap before GC invocations=8 (full 1):
 PSYoungGen      total 109056K, used 107078K [0x00000000d8500000, 0x00000000e0c80000, 0x0000000100000000)
  eden space 102400K, 98% used [0x00000000d8500000,0x00000000de738ae8,0x00000000de900000)
  from space 6656K, 97% used [0x00000000e0600000,0x00000000e0c58ea8,0x00000000e0c80000)
  to   space 9216K, 0% used [0x00000000dfa80000,0x00000000dfa80000,0x00000000e0380000)
 ParOldGen       total 50176K, used 6367K [0x0000000088e00000, 0x000000008bf00000, 0x00000000d8500000)
  object space 50176K, 12% used [0x0000000088e00000,0x0000000089437f68,0x000000008bf00000)
 Metaspace       used 32199K, capacity 32678K, committed 33024K, reserved 1077248K
  class space    used 4117K, capacity 4236K, committed 4352K, reserved 1048576K
Event: 3.106 GC heap after
Heap after GC invocations=8 (full 1):
 PSYoungGen      total 129536K, used 9199K [0x00000000d8500000, 0x00000000e4380000, 0x0000000100000000)
  eden space 120320K, 0% used [0x00000000d8500000,0x00000000d8500000,0x00000000dfa80000)
  from space 9216K, 99% used [0x00000000dfa80000,0x00000000e037bc30,0x00000000e0380000)
  to   space 13312K, 0% used [0x00000000e3680000,0x00000000e3680000,0x00000000e4380000)
 ParOldGen       total 50176K, used 12669K [0x0000000088e00000, 0x000000008bf00000, 0x00000000d8500000)
  object space 50176K, 25% used [0x0000000088e00000,0x0000000089a5f518,0x000000008bf00000)
 Metaspace       used 32199K, capacity 32678K, committed 33024K, reserved 1077248K
  class space    used 4117K, capacity 4236K, committed 4352K, reserved 1048576K
}
Event: 3.381 GC heap before
{Heap before GC invocations=9 (full 1):
 PSYoungGen      total 129536K, used 58220K [0x00000000d8500000, 0x00000000e4380000, 0x0000000100000000)
  eden space 120320K, 40% used [0x00000000d8500000,0x00000000db4df5a0,0x00000000dfa80000)
  from space 9216K, 99% used [0x00000000dfa80000,0x00000000e037bc30,0x00000000e0380000)
  to   space 13312K, 0% used [0x00000000e3680000,0x00000000e3680000,0x00000000e4380000)
 ParOldGen       total 50176K, used 12669K [0x0000000088e00000, 0x000000008bf00000, 0x00000000d8500000)
  object space 50176K, 25% used [0x0000000088e00000,0x0000000089a5f518,0x000000008bf00000)
 Metaspace       used 34644K, capacity 35394K, committed 35456K, reserved 1079296K
  class space    used 4530K, capacity 4722K, committed 4736K, reserved 1048576K
Event: 3.386 GC heap after
Heap after GC invocations=9 (full 1):
 PSYoungGen      total 182272K, used 7989K [0x00000000d8500000, 0x00000000e5c00000, 0x0000000100000000)
  eden space 168960K, 0% used [0x00000000d8500000,0x00000000d8500000,0x00000000e2a00000)
  from space 13312K, 60% used [0x00000000e3680000,0x00000000e3e4d478,0x00000000e4380000)
  to   space 12800K, 0% used [0x00000000e2a00000,0x00000000e2a00000,0x00000000e3680000)
 ParOldGen       total 50176K, used 12677K [0x0000000088e00000, 0x000000008bf00000, 0x00000000d8500000)
  object space 50176K, 25% used [0x0000000088e00000,0x0000000089a61518,0x000000008bf00000)
 Metaspace       used 34644K, capacity 35394K, committed 35456K, reserved 1079296K
  class space    used 4530K, capacity 4722K, committed 4736K, reserved 1048576K
}
Event: 3.386 GC heap before
{Heap before GC invocations=10 (full 2):
 PSYoungGen      total 182272K, used 7989K [0x00000000d8500000, 0x00000000e5c00000, 0x0000000100000000)
  eden space 168960K, 0% used [0x00000000d8500000,0x00000000d8500000,0x00000000e2a00000)
  from space 13312K, 60% used [0x00000000e3680000,0x00000000e3e4d478,0x00000000e4380000)
  to   space 12800K, 0% used [0x00000000e2a00000,0x00000000e2a00000,0x00000000e3680000)
 ParOldGen       total 50176K, used 12677K [0x0000000088e00000, 0x000000008bf00000, 0x00000000d8500000)
  object space 50176K, 25% used [0x0000000088e00000,0x0000000089a61518,0x000000008bf00000)
 Metaspace       used 34644K, capacity 35394K, committed 35456K, reserved 1079296K
  class space    used 4530K, capacity 4722K, committed 4736K, reserved 1048576K
Event: 3.429 GC heap after
Heap after GC invocations=10 (full 2):
 PSYoungGen      total 182272K, used 0K [0x00000000d8500000, 0x00000000e5c00000, 0x0000000100000000)
  eden space 168960K, 0% used [0x00000000d8500000,0x00000000d8500000,0x00000000e2a00000)
  from space 13312K, 0% used [0x00000000e3680000,0x00000000e3680000,0x00000000e4380000)
  to   space 12800K, 0% used [0x00000000e2a00000,0x00000000e2a00000,0x00000000e3680000)
 ParOldGen       total 78848K, used 16251K [0x0000000088e00000, 0x000000008db00000, 0x00000000d8500000)
  object space 78848K, 20% used [0x0000000088e00000,0x0000000089ddec98,0x000000008db00000)
 Metaspace       used 34644K, capacity 35394K, committed 35456K, reserved 1079296K
  class space    used 4530K, capacity 4722K, committed 4736K, reserved 1048576K
}
Event: 8.208 GC heap before
{Heap before GC invocations=11 (full 2):
 PSYoungGen      total 182272K, used 168960K [0x00000000d8500000, 0x00000000e5c00000, 0x0000000100000000)
  eden space 168960K, 100% used [0x00000000d8500000,0x00000000e2a00000,0x00000000e2a00000)
  from space 13312K, 0% used [0x00000000e3680000,0x00000000e3680000,0x00000000e4380000)
  to   space 12800K, 0% used [0x00000000e2a00000,0x00000000e2a00000,0x00000000e3680000)
 ParOldGen       total 78848K, used 16251K [0x0000000088e00000, 0x000000008db00000, 0x00000000d8500000)
  object space 78848K, 20% used [0x0000000088e00000,0x0000000089ddec98,0x000000008db00000)
 Metaspace       used 41726K, capacity 43310K, committed 43520K, reserved 1087488K
  class space    used 5461K, capacity 5778K, committed 5888K, reserved 1048576K
Event: 8.236 GC heap after
Heap after GC invocations=11 (full 2):
 PSYoungGen      total 181760K, used 12784K [0x00000000d8500000, 0x00000000e9380000, 0x0000000100000000)
  eden space 168960K, 0% used [0x00000000d8500000,0x00000000d8500000,0x00000000e2a00000)
  from space 12800K, 99% used [0x00000000e2a00000,0x00000000e367c368,0x00000000e3680000)
  to   space 27136K, 0% used [0x00000000e7900000,0x00000000e7900000,0x00000000e9380000)
 ParOldGen       total 78848K, used 47480K [0x0000000088e00000, 0x000000008db00000, 0x00000000d8500000)
  object space 78848K, 60% used [0x0000000088e00000,0x000000008bc5e3f8,0x000000008db00000)
 Metaspace       used 41726K, capacity 43310K, committed 43520K, reserved 1087488K
  class space    used 5461K, capacity 5778K, committed 5888K, reserved 1048576K
}
Event: 19.107 GC heap before
{Heap before GC invocations=12 (full 2):
 PSYoungGen      total 181760K, used 181744K [0x00000000d8500000, 0x00000000e9380000, 0x0000000100000000)
  eden space 168960K, 100% used [0x00000000d8500000,0x00000000e2a00000,0x00000000e2a00000)
  from space 12800K, 99% used [0x00000000e2a00000,0x00000000e367c368,0x00000000e3680000)
  to   space 27136K, 0% used [0x00000000e7900000,0x00000000e7900000,0x00000000e9380000)
 ParOldGen       total 78848K, used 47480K [0x0000000088e00000, 0x000000008db00000, 0x00000000d8500000)
  object space 78848K, 60% used [0x0000000088e00000,0x000000008bc5e3f8,0x000000008db00000)
 Metaspace       used 44487K, capacity 46260K, committed 46592K, reserved 1089536K
  class space    used 5750K, capacity 6043K, committed 6144K, reserved 1048576K
Event: 19.128 GC heap after
Heap after GC invocations=12 (full 2):
 PSYoungGen      total 243200K, used 25300K [0x00000000d8500000, 0x00000000e9400000, 0x0000000100000000)
  eden space 216064K, 0% used [0x00000000d8500000,0x00000000d8500000,0x00000000e5800000)
  from space 27136K, 93% used [0x00000000e7900000,0x00000000e91b53c8,0x00000000e9380000)
  to   space 30720K, 0% used [0x00000000e5800000,0x00000000e5800000,0x00000000e7600000)
 ParOldGen       total 78848K, used 47480K [0x0000000088e00000, 0x000000008db00000, 0x00000000d8500000)
  object space 78848K, 60% used [0x0000000088e00000,0x000000008bc5e3f8,0x000000008db00000)
 Metaspace       used 44487K, capacity 46260K, committed 46592K, reserved 1089536K
  class space    used 5750K, capacity 6043K, committed 6144K, reserved 1048576K
}

