# JRE version: Java(TM) SE Runtime Environment (8.0_60-b27) (build 1.8.0_60-b27)
# Java VM: Java HotSpot(TM) 64-Bit Server VM (25.60-b23 mixed mode windows-amd64 compressed oops)
Heap:
 PSYoungGen      total 136192K, used 77999K [0x0000000758500000, 0x0000000764b80000, 0x00000007c0000000)
  eden space 122880K, 63% used [0x0000000758500000,0x000000075d12bcc0,0x000000075fd00000)
  from space 13312K, 0% used [0x000000075fd00000,0x000000075fd00000,0x0000000760a00000)
  to   space 13824K, 0% used [0x0000000763e00000,0x0000000763e00000,0x0000000764b80000)
 ParOldGen       total 177152K, used 16231K [0x0000000688e00000, 0x0000000693b00000, 0x0000000758500000)
  object space 177152K, 9% used [0x0000000688e00000,0x0000000689dd9dc8,0x0000000693b00000)
 Metaspace       used 37801K, capacity 39161K, committed 39464K, reserved 1083392K
  class space    used 5044K, capacity 5324K, committed 5416K, reserved 1048576K
GC Heap History (10 events):
Event: 1.336 GC heap before
{Heap before GC invocations=3 (full 1):
 PSYoungGen      total 93184K, used 9724K [0x0000000758500000, 0x0000000763b00000, 0x00000007c0000000)
  eden space 79872K, 0% used [0x0000000758500000,0x0000000758500000,0x000000075d300000)
  from space 13312K, 73% used [0x000000075e000000,0x000000075e97f200,0x000000075ed00000)
  to   space 13312K, 0% used [0x000000075d300000,0x000000075d300000,0x000000075e000000)
 ParOldGen       total 212992K, used 88K [0x0000000688e00000, 0x0000000695e00000, 0x0000000758500000)
  object space 212992K, 0% used [0x0000000688e00000,0x0000000688e16010,0x0000000695e00000)
 Metaspace       used 20648K, capacity 21230K, committed 21296K, reserved 1067008K
  class space    used 2778K, capacity 2940K, committed 2944K, reserved 1048576K
Event: 1.368 GC heap after
Heap after GC invocations=3 (full 1):
 PSYoungGen      total 93184K, used 0K [0x0000000758500000, 0x0000000763b00000, 0x00000007c0000000)
  eden space 79872K, 0% used [0x0000000758500000,0x0000000758500000,0x000000075d300000)
  from space 13312K, 0% used [0x000000075e000000,0x000000075e000000,0x000000075ed00000)
  to   space 13312K, 0% used [0x000000075d300000,0x000000075d300000,0x000000075e000000)
 ParOldGen       total 120832K, used 9486K [0x0000000688e00000, 0x0000000690400000, 0x0000000758500000)
  object space 120832K, 7% used [0x0000000688e00000,0x0000000689743b48,0x0000000690400000)
 Metaspace       used 20648K, capacity 21230K, committed 21296K, reserved 1067008K
  class space    used 2778K, capacity 2940K, committed 2944K, reserved 1048576K
}
Event: 2.271 GC heap before
{Heap before GC invocations=4 (full 1):
 PSYoungGen      total 93184K, used 79872K [0x0000000758500000, 0x0000000763b00000, 0x00000007c0000000)
  eden space 79872K, 100% used [0x0000000758500000,0x000000075d300000,0x000000075d300000)
  from space 13312K, 0% used [0x000000075e000000,0x000000075e000000,0x000000075ed00000)
  to   space 13312K, 0% used [0x000000075d300000,0x000000075d300000,0x000000075e000000)
 ParOldGen       total 120832K, used 9486K [0x0000000688e00000, 0x0000000690400000, 0x0000000758500000)
  object space 120832K, 7% used [0x0000000688e00000,0x0000000689743b48,0x0000000690400000)
 Metaspace       used 29185K, capacity 29864K, committed 30208K, reserved 1075200K
  class space    used 3879K, capacity 4075K, committed 4096K, reserved 1048576K
Event: 2.277 GC heap after
Heap after GC invocations=4 (full 1):
 PSYoungGen      total 93184K, used 8563K [0x0000000758500000, 0x0000000761700000, 0x00000007c0000000)
  eden space 79872K, 0% used [0x0000000758500000,0x0000000758500000,0x000000075d300000)
  from space 13312K, 64% used [0x000000075d300000,0x000000075db5cc90,0x000000075e000000)
  to   space 13312K, 0% used [0x0000000760a00000,0x0000000760a00000,0x0000000761700000)
 ParOldGen       total 120832K, used 9558K [0x0000000688e00000, 0x0000000690400000, 0x0000000758500000)
  object space 120832K, 7% used [0x0000000688e00000,0x0000000689755b58,0x0000000690400000)
 Metaspace       used 29185K, capacity 29864K, committed 30208K, reserved 1075200K
  class space    used 3879K, capacity 4075K, committed 4096K, reserved 1048576K
}
Event: 4.992 GC heap before
{Heap before GC invocations=5 (full 1):
 PSYoungGen      total 93184K, used 88435K [0x0000000758500000, 0x0000000761700000, 0x00000007c0000000)
  eden space 79872K, 100% used [0x0000000758500000,0x000000075d300000,0x000000075d300000)
  from space 13312K, 64% used [0x000000075d300000,0x000000075db5cc90,0x000000075e000000)
  to   space 13312K, 0% used [0x0000000760a00000,0x0000000760a00000,0x0000000761700000)
 ParOldGen       total 120832K, used 9558K [0x0000000688e00000, 0x0000000690400000, 0x0000000758500000)
  object space 120832K, 7% used [0x0000000688e00000,0x0000000689755b58,0x0000000690400000)
 Metaspace       used 33813K, capacity 34640K, committed 34944K, reserved 1079296K
  class space    used 4421K, capacity 4653K, committed 4736K, reserved 1048576K
Event: 5.004 GC heap after
Heap after GC invocations=5 (full 1):
 PSYoungGen      total 131584K, used 13297K [0x0000000758500000, 0x0000000761700000, 0x00000007c0000000)
  eden space 118272K, 0% used [0x0000000758500000,0x0000000758500000,0x000000075f880000)
  from space 13312K, 99% used [0x0000000760a00000,0x00000007616fc688,0x0000000761700000)
  to   space 13312K, 0% used [0x000000075fd00000,0x000000075fd00000,0x0000000760a00000)
 ParOldGen       total 120832K, used 9597K [0x0000000688e00000, 0x0000000690400000, 0x0000000758500000)
  object space 120832K, 7% used [0x0000000688e00000,0x000000068975f638,0x0000000690400000)
 Metaspace       used 33813K, capacity 34640K, committed 34944K, reserved 1079296K
  class space    used 4421K, capacity 4653K, committed 4736K, reserved 1048576K
}
Event: 5.429 GC heap before
{Heap before GC invocations=6 (full 1):
 PSYoungGen      total 131584K, used 20249K [0x0000000758500000, 0x0000000761700000, 0x00000007c0000000)
  eden space 118272K, 5% used [0x0000000758500000,0x0000000758bca078,0x000000075f880000)
  from space 13312K, 99% used [0x0000000760a00000,0x00000007616fc688,0x0000000761700000)
  to   space 13312K, 0% used [0x000000075fd00000,0x000000075fd00000,0x0000000760a00000)
 ParOldGen       total 120832K, used 9597K [0x0000000688e00000, 0x0000000690400000, 0x0000000758500000)
  object space 120832K, 7% used [0x0000000688e00000,0x000000068975f638,0x0000000690400000)
 Metaspace       used 34708K, capacity 35491K, committed 35496K, reserved 1079296K
  class space    used 4553K, capacity 4776K, committed 4776K, reserved 1048576K
Event: 5.439 GC heap after
Heap after GC invocations=6 (full 1):
 PSYoungGen      total 136192K, used 11374K [0x0000000758500000, 0x0000000764b80000, 0x00000007c0000000)
  eden space 122880K, 0% used [0x0000000758500000,0x0000000758500000,0x000000075fd00000)
  from space 13312K, 85% used [0x000000075fd00000,0x000000076081b878,0x0000000760a00000)
  to   space 13824K, 0% used [0x0000000763e00000,0x0000000763e00000,0x0000000764b80000)
 ParOldGen       total 120832K, used 9605K [0x0000000688e00000, 0x0000000690400000, 0x0000000758500000)
  object space 120832K, 7% used [0x0000000688e00000,0x0000000689761638,0x0000000690400000)
 Metaspace       used 34708K, capacity 35491K, committed 35496K, reserved 1079296K
  class space    used 4553K, capacity 4776K, committed 4776K, reserved 1048576K
}
Event: 5.440 GC heap before
{Heap before GC invocations=7 (full 2):
 PSYoungGen      total 136192K, used 11374K [0x0000000758500000, 0x0000000764b80000, 0x00000007c0000000)
  eden space 122880K, 0% used [0x0000000758500000,0x0000000758500000,0x000000075fd00000)
  from space 13312K, 85% used [0x000000075fd00000,0x000000076081b878,0x0000000760a00000)
  to   space 13824K, 0% used [0x0000000763e00000,0x0000000763e00000,0x0000000764b80000)
 ParOldGen       total 120832K, used 9605K [0x0000000688e00000, 0x0000000690400000, 0x0000000758500000)
  object space 120832K, 7% used [0x0000000688e00000,0x0000000689761638,0x0000000690400000)
 Metaspace       used 34708K, capacity 35491K, committed 35496K, reserved 1079296K
  class space    used 4553K, capacity 4776K, committed 4776K, reserved 1048576K
Event: 5.488 GC heap after
Heap after GC invocations=7 (full 2):
 PSYoungGen      total 136192K, used 0K [0x0000000758500000, 0x0000000764b80000, 0x00000007c0000000)
  eden space 122880K, 0% used [0x0000000758500000,0x0000000758500000,0x000000075fd00000)
  from space 13312K, 0% used [0x000000075fd00000,0x000000075fd00000,0x0000000760a00000)
  to   space 13824K, 0% used [0x0000000763e00000,0x0000000763e00000,0x0000000764b80000)
 ParOldGen       total 177152K, used 16231K [0x0000000688e00000, 0x0000000693b00000, 0x0000000758500000)
  object space 177152K, 9% used [0x0000000688e00000,0x0000000689dd9dc8,0x0000000693b00000)
 Metaspace       used 34708K, capacity 35491K, committed 35496K, reserved 1079296K
  class space    used 4553K, capacity 4776K, committed 4776K, reserved 1048576K
}

