# JRE version: Java(TM) SE Runtime Environment (8.0_60-b27) (build 1.8.0_60-b27)
# Java VM: Java HotSpot(TM) 64-Bit Server VM (25.60-b23 mixed mode windows-amd64 compressed oops)
Heap:
 PSYoungGen      total 192000K, used 78327K [0x0000000758500000, 0x0000000765800000, 0x00000007c0000000)
  eden space 178176K, 40% used [0x0000000758500000,0x000000075cbf5f50,0x0000000763300000)
  from space 13824K, 40% used [0x0000000764100000,0x0000000764688000,0x0000000764e80000)
  to   space 14336K, 0% used [0x0000000763300000,0x0000000763300000,0x0000000764100000)
 ParOldGen       total 174080K, used 16325K [0x0000000688e00000, 0x0000000693800000, 0x0000000758500000)
  object space 174080K, 9% used [0x0000000688e00000,0x0000000689df1488,0x0000000693800000)
 Metaspace       used 39309K, capacity 40860K, committed 41128K, reserved 1085440K
  class space    used 5224K, capacity 5533K, committed 5544K, reserved 1048576K
GC Heap History (10 events):
Event: 2.300 GC heap before
{Heap before GC invocations=4 (full 1):
 PSYoungGen      total 93184K, used 79872K [0x0000000758500000, 0x0000000763b00000, 0x00000007c0000000)
  eden space 79872K, 100% used [0x0000000758500000,0x000000075d300000,0x000000075d300000)
  from space 13312K, 0% used [0x000000075e000000,0x000000075e000000,0x000000075ed00000)
  to   space 13312K, 0% used [0x000000075d300000,0x000000075d300000,0x000000075e000000)
 ParOldGen       total 124416K, used 9523K [0x0000000688e00000, 0x0000000690780000, 0x0000000758500000)
  object space 124416K, 7% used [0x0000000688e00000,0x000000068974cdc0,0x0000000690780000)
 Metaspace       used 29098K, capacity 29732K, committed 29952K, reserved 1075200K
  class space    used 3871K, capacity 4075K, committed 4096K, reserved 1048576K
Event: 2.307 GC heap after
Heap after GC invocations=4 (full 1):
 PSYoungGen      total 93184K, used 8544K [0x0000000758500000, 0x0000000761400000, 0x00000007c0000000)
  eden space 79872K, 0% used [0x0000000758500000,0x0000000758500000,0x000000075d300000)
  from space 13312K, 64% used [0x000000075d300000,0x000000075db580b0,0x000000075e000000)
  to   space 13312K, 0% used [0x0000000760700000,0x0000000760700000,0x0000000761400000)
 ParOldGen       total 124416K, used 9531K [0x0000000688e00000, 0x0000000690780000, 0x0000000758500000)
  object space 124416K, 7% used [0x0000000688e00000,0x000000068974edc0,0x0000000690780000)
 Metaspace       used 29098K, capacity 29732K, committed 29952K, reserved 1075200K
  class space    used 3871K, capacity 4075K, committed 4096K, reserved 1048576K
}
Event: 6.320 GC heap before
{Heap before GC invocations=5 (full 1):
 PSYoungGen      total 93184K, used 88416K [0x0000000758500000, 0x0000000761400000, 0x00000007c0000000)
  eden space 79872K, 100% used [0x0000000758500000,0x000000075d300000,0x000000075d300000)
  from space 13312K, 64% used [0x000000075d300000,0x000000075db580b0,0x000000075e000000)
  to   space 13312K, 0% used [0x0000000760700000,0x0000000760700000,0x0000000761400000)
 ParOldGen       total 124416K, used 9531K [0x0000000688e00000, 0x0000000690780000, 0x0000000758500000)
  object space 124416K, 7% used [0x0000000688e00000,0x000000068974edc0,0x0000000690780000)
 Metaspace       used 33776K, capacity 34566K, committed 34944K, reserved 1079296K
  class space    used 4420K, capacity 4652K, committed 4736K, reserved 1048576K
Event: 6.333 GC heap after
Heap after GC invocations=5 (full 1):
 PSYoungGen      total 128512K, used 13293K [0x0000000758500000, 0x0000000761400000, 0x00000007c0000000)
  eden space 115200K, 0% used [0x0000000758500000,0x0000000758500000,0x000000075f580000)
  from space 13312K, 99% used [0x0000000760700000,0x00000007613fb458,0x0000000761400000)
  to   space 13312K, 0% used [0x000000075fa00000,0x000000075fa00000,0x0000000760700000)
 ParOldGen       total 124416K, used 9744K [0x0000000688e00000, 0x0000000690780000, 0x0000000758500000)
  object space 124416K, 7% used [0x0000000688e00000,0x0000000689784248,0x0000000690780000)
 Metaspace       used 33776K, capacity 34566K, committed 34944K, reserved 1079296K
  class space    used 4420K, capacity 4652K, committed 4736K, reserved 1048576K
}
Event: 6.469 GC heap before
{Heap before GC invocations=6 (full 1):
 PSYoungGen      total 128512K, used 20732K [0x0000000758500000, 0x0000000761400000, 0x00000007c0000000)
  eden space 115200K, 6% used [0x0000000758500000,0x0000000758c43d20,0x000000075f580000)
  from space 13312K, 99% used [0x0000000760700000,0x00000007613fb458,0x0000000761400000)
  to   space 13312K, 0% used [0x000000075fa00000,0x000000075fa00000,0x0000000760700000)
 ParOldGen       total 124416K, used 9744K [0x0000000688e00000, 0x0000000690780000, 0x0000000758500000)
  object space 124416K, 7% used [0x0000000688e00000,0x0000000689784248,0x0000000690780000)
 Metaspace       used 34650K, capacity 35422K, committed 35496K, reserved 1079296K
  class space    used 4544K, capacity 4776K, committed 4776K, reserved 1048576K
Event: 6.478 GC heap after
Heap after GC invocations=6 (full 1):
 PSYoungGen      total 133120K, used 11454K [0x0000000758500000, 0x0000000764e80000, 0x00000007c0000000)
  eden space 119808K, 0% used [0x0000000758500000,0x0000000758500000,0x000000075fa00000)
  from space 13312K, 86% used [0x000000075fa00000,0x000000076052f898,0x0000000760700000)
  to   space 13824K, 0% used [0x0000000764100000,0x0000000764100000,0x0000000764e80000)
 ParOldGen       total 124416K, used 9752K [0x0000000688e00000, 0x0000000690780000, 0x0000000758500000)
  object space 124416K, 7% used [0x0000000688e00000,0x0000000689786248,0x0000000690780000)
 Metaspace       used 34650K, capacity 35422K, committed 35496K, reserved 1079296K
  class space    used 4544K, capacity 4776K, committed 4776K, reserved 1048576K
}
Event: 6.478 GC heap before
{Heap before GC invocations=7 (full 2):
 PSYoungGen      total 133120K, used 11454K [0x0000000758500000, 0x0000000764e80000, 0x00000007c0000000)
  eden space 119808K, 0% used [0x0000000758500000,0x0000000758500000,0x000000075fa00000)
  from space 13312K, 86% used [0x000000075fa00000,0x000000076052f898,0x0000000760700000)
  to   space 13824K, 0% used [0x0000000764100000,0x0000000764100000,0x0000000764e80000)
 ParOldGen       total 124416K, used 9752K [0x0000000688e00000, 0x0000000690780000, 0x0000000758500000)
  object space 124416K, 7% used [0x0000000688e00000,0x0000000689786248,0x0000000690780000)
 Metaspace       used 34650K, capacity 35422K, committed 35496K, reserved 1079296K
  class space    used 4544K, capacity 4776K, committed 4776K, reserved 1048576K
Event: 6.526 GC heap after
Heap after GC invocations=7 (full 2):
 PSYoungGen      total 133120K, used 0K [0x0000000758500000, 0x0000000764e80000, 0x00000007c0000000)
  eden space 119808K, 0% used [0x0000000758500000,0x0000000758500000,0x000000075fa00000)
  from space 13312K, 0% used [0x000000075fa00000,0x000000075fa00000,0x0000000760700000)
  to   space 13824K, 0% used [0x0000000764100000,0x0000000764100000,0x0000000764e80000)
 ParOldGen       total 174080K, used 16317K [0x0000000688e00000, 0x0000000693800000, 0x0000000758500000)
  object space 174080K, 9% used [0x0000000688e00000,0x0000000689def488,0x0000000693800000)
 Metaspace       used 34650K, capacity 35422K, committed 35496K, reserved 1079296K
  class space    used 4544K, capacity 4776K, committed 4776K, reserved 1048576K
}
Event: 859.537 GC heap before
{Heap before GC invocations=8 (full 2):
 PSYoungGen      total 133120K, used 119808K [0x0000000758500000, 0x0000000764e80000, 0x00000007c0000000)
  eden space 119808K, 100% used [0x0000000758500000,0x000000075fa00000,0x000000075fa00000)
  from space 13312K, 0% used [0x000000075fa00000,0x000000075fa00000,0x0000000760700000)
  to   space 13824K, 0% used [0x0000000764100000,0x0000000764100000,0x0000000764e80000)
 ParOldGen       total 174080K, used 16317K [0x0000000688e00000, 0x0000000693800000, 0x0000000758500000)
  object space 174080K, 9% used [0x0000000688e00000,0x0000000689def488,0x0000000693800000)
 Metaspace       used 39011K, capacity 40552K, committed 40616K, reserved 1085440K
  class space    used 5220K, capacity 5525K, committed 5544K, reserved 1048576K
Event: 859.551 GC heap after
Heap after GC invocations=8 (full 2):
 PSYoungGen      total 192000K, used 5664K [0x0000000758500000, 0x0000000765800000, 0x00000007c0000000)
  eden space 178176K, 0% used [0x0000000758500000,0x0000000758500000,0x0000000763300000)
  from space 13824K, 40% used [0x0000000764100000,0x0000000764688000,0x0000000764e80000)
  to   space 14336K, 0% used [0x0000000763300000,0x0000000763300000,0x0000000764100000)
 ParOldGen       total 174080K, used 16325K [0x0000000688e00000, 0x0000000693800000, 0x0000000758500000)
  object space 174080K, 9% used [0x0000000688e00000,0x0000000689df1488,0x0000000693800000)
 Metaspace       used 39011K, capacity 40552K, committed 40616K, reserved 1085440K
  class space    used 5220K, capacity 5525K, committed 5544K, reserved 1048576K
}

