# JRE version: Java(TM) SE Runtime Environment (8.0_60-b27) (build 1.8.0_60-b27)
# Java VM: Java HotSpot(TM) 64-Bit Server VM (25.60-b23 mixed mode windows-amd64 compressed oops)
Heap:
 PSYoungGen      total 129536K, used 71554K [0x00000000d8500000, 0x00000000e5000000, 0x0000000100000000)
  eden space 120320K, 59% used [0x00000000d8500000,0x00000000dcae0b20,0x00000000dfa80000)
  from space 9216K, 0% used [0x00000000dfa80000,0x00000000dfa80000,0x00000000e0380000)
  to   space 12288K, 0% used [0x00000000e4400000,0x00000000e4400000,0x00000000e5000000)
 ParOldGen       total 84992K, used 19587K [0x0000000088e00000, 0x000000008e100000, 0x00000000d8500000)
  object space 84992K, 23% used [0x0000000088e00000,0x000000008a120fc8,0x000000008e100000)
 Metaspace       used 40063K, capacity 41414K, committed 41472K, reserved 1085440K
  class space    used 5339K, capacity 5620K, committed 5632K, reserved 1048576K
GC Heap History (10 events):
Event: 3.017 GC heap before
{Heap before GC invocations=5 (full 0):
 PSYoungGen      total 66560K, used 11758K [0x00000000d8500000, 0x00000000dcb00000, 0x0000000100000000)
  eden space 61440K, 10% used [0x00000000d8500000,0x00000000d8b7e648,0x00000000dc100000)
  from space 5120K, 99% used [0x00000000dc600000,0x00000000dcafd4f8,0x00000000dcb00000)
  to   space 5120K, 0% used [0x00000000dc100000,0x00000000dc100000,0x00000000dc600000)
 ParOldGen       total 81920K, used 7212K [0x0000000088e00000, 0x000000008de00000, 0x00000000d8500000)
  object space 81920K, 8% used [0x0000000088e00000,0x000000008950b3b0,0x000000008de00000)
 Metaspace       used 20808K, capacity 21178K, committed 21296K, reserved 1069056K
  class space    used 2564K, capacity 2679K, committed 2688K, reserved 1048576K
Event: 3.021 GC heap after
Heap after GC invocations=5 (full 0):
 PSYoungGen      total 66560K, used 5110K [0x00000000d8500000, 0x00000000e0f00000, 0x0000000100000000)
  eden space 61440K, 0% used [0x00000000d8500000,0x00000000d8500000,0x00000000dc100000)
  from space 5120K, 99% used [0x00000000dc100000,0x00000000dc5fd8e8,0x00000000dc600000)
  to   space 9216K, 0% used [0x00000000e0600000,0x00000000e0600000,0x00000000e0f00000)
 ParOldGen       total 81920K, used 7652K [0x0000000088e00000, 0x000000008de00000, 0x00000000d8500000)
  object space 81920K, 9% used [0x0000000088e00000,0x00000000895791c8,0x000000008de00000)
 Metaspace       used 20808K, capacity 21178K, committed 21296K, reserved 1069056K
  class space    used 2564K, capacity 2679K, committed 2688K, reserved 1048576K
}
Event: 3.021 GC heap before
{Heap before GC invocations=6 (full 1):
 PSYoungGen      total 66560K, used 5110K [0x00000000d8500000, 0x00000000e0f00000, 0x0000000100000000)
  eden space 61440K, 0% used [0x00000000d8500000,0x00000000d8500000,0x00000000dc100000)
  from space 5120K, 99% used [0x00000000dc100000,0x00000000dc5fd8e8,0x00000000dc600000)
  to   space 9216K, 0% used [0x00000000e0600000,0x00000000e0600000,0x00000000e0f00000)
 ParOldGen       total 81920K, used 7652K [0x0000000088e00000, 0x000000008de00000, 0x00000000d8500000)
  object space 81920K, 9% used [0x0000000088e00000,0x00000000895791c8,0x000000008de00000)
 Metaspace       used 20808K, capacity 21178K, committed 21296K, reserved 1069056K
  class space    used 2564K, capacity 2679K, committed 2688K, reserved 1048576K
Event: 3.049 GC heap after
Heap after GC invocations=6 (full 1):
 PSYoungGen      total 66560K, used 0K [0x00000000d8500000, 0x00000000e0f00000, 0x0000000100000000)
  eden space 61440K, 0% used [0x00000000d8500000,0x00000000d8500000,0x00000000dc100000)
  from space 5120K, 0% used [0x00000000dc100000,0x00000000dc100000,0x00000000dc600000)
  to   space 9216K, 0% used [0x00000000e0600000,0x00000000e0600000,0x00000000e0f00000)
 ParOldGen       total 48128K, used 6438K [0x0000000088e00000, 0x000000008bd00000, 0x00000000d8500000)
  object space 48128K, 13% used [0x0000000088e00000,0x0000000089449bc8,0x000000008bd00000)
 Metaspace       used 20804K, capacity 21172K, committed 21296K, reserved 1069056K
  class space    used 2564K, capacity 2678K, committed 2688K, reserved 1048576K
}
Event: 3.571 GC heap before
{Heap before GC invocations=7 (full 1):
 PSYoungGen      total 66560K, used 61440K [0x00000000d8500000, 0x00000000e0f00000, 0x0000000100000000)
  eden space 61440K, 100% used [0x00000000d8500000,0x00000000dc100000,0x00000000dc100000)
  from space 5120K, 0% used [0x00000000dc100000,0x00000000dc100000,0x00000000dc600000)
  to   space 9216K, 0% used [0x00000000e0600000,0x00000000e0600000,0x00000000e0f00000)
 ParOldGen       total 48128K, used 6438K [0x0000000088e00000, 0x000000008bd00000, 0x00000000d8500000)
  object space 48128K, 13% used [0x0000000088e00000,0x0000000089449bc8,0x000000008bd00000)
 Metaspace       used 24886K, capacity 25256K, committed 25600K, reserved 1071104K
  class space    used 3098K, capacity 3236K, committed 3328K, reserved 1048576K
Event: 3.577 GC heap after
Heap after GC invocations=7 (full 1):
 PSYoungGen      total 114176K, used 6470K [0x00000000d8500000, 0x00000000e0c80000, 0x0000000100000000)
  eden space 107520K, 0% used [0x00000000d8500000,0x00000000d8500000,0x00000000dee00000)
  from space 6656K, 97% used [0x00000000e0600000,0x00000000e0c518e8,0x00000000e0c80000)
  to   space 9216K, 0% used [0x00000000dfa80000,0x00000000dfa80000,0x00000000e0380000)
 ParOldGen       total 48128K, used 6438K [0x0000000088e00000, 0x000000008bd00000, 0x00000000d8500000)
  object space 48128K, 13% used [0x0000000088e00000,0x0000000089449bc8,0x000000008bd00000)
 Metaspace       used 24886K, capacity 25256K, committed 25600K, reserved 1071104K
  class space    used 3098K, capacity 3236K, committed 3328K, reserved 1048576K
}
Event: 4.631 GC heap before
{Heap before GC invocations=8 (full 1):
 PSYoungGen      total 114176K, used 65930K [0x00000000d8500000, 0x00000000e0c80000, 0x0000000100000000)
  eden space 107520K, 55% used [0x00000000d8500000,0x00000000dbf111d8,0x00000000dee00000)
  from space 6656K, 97% used [0x00000000e0600000,0x00000000e0c518e8,0x00000000e0c80000)
  to   space 9216K, 0% used [0x00000000dfa80000,0x00000000dfa80000,0x00000000e0380000)
 ParOldGen       total 48128K, used 6438K [0x0000000088e00000, 0x000000008bd00000, 0x00000000d8500000)
  object space 48128K, 13% used [0x0000000088e00000,0x0000000089449bc8,0x000000008bd00000)
 Metaspace       used 34736K, capacity 35350K, committed 35456K, reserved 1079296K
  class space    used 4514K, capacity 4696K, committed 4736K, reserved 1048576K
Event: 4.639 GC heap after
Heap after GC invocations=8 (full 1):
 PSYoungGen      total 129536K, used 9184K [0x00000000d8500000, 0x00000000e5000000, 0x0000000100000000)
  eden space 120320K, 0% used [0x00000000d8500000,0x00000000d8500000,0x00000000dfa80000)
  from space 9216K, 99% used [0x00000000dfa80000,0x00000000e03781e8,0x00000000e0380000)
  to   space 12288K, 0% used [0x00000000e4400000,0x00000000e4400000,0x00000000e5000000)
 ParOldGen       total 48128K, used 11019K [0x0000000088e00000, 0x000000008bd00000, 0x00000000d8500000)
  object space 48128K, 22% used [0x0000000088e00000,0x00000000898c2f40,0x000000008bd00000)
 Metaspace       used 34736K, capacity 35350K, committed 35456K, reserved 1079296K
  class space    used 4514K, capacity 4696K, committed 4736K, reserved 1048576K
}
Event: 4.639 GC heap before
{Heap before GC invocations=9 (full 2):
 PSYoungGen      total 129536K, used 9184K [0x00000000d8500000, 0x00000000e5000000, 0x0000000100000000)
  eden space 120320K, 0% used [0x00000000d8500000,0x00000000d8500000,0x00000000dfa80000)
  from space 9216K, 99% used [0x00000000dfa80000,0x00000000e03781e8,0x00000000e0380000)
  to   space 12288K, 0% used [0x00000000e4400000,0x00000000e4400000,0x00000000e5000000)
 ParOldGen       total 48128K, used 11019K [0x0000000088e00000, 0x000000008bd00000, 0x00000000d8500000)
  object space 48128K, 22% used [0x0000000088e00000,0x00000000898c2f40,0x000000008bd00000)
 Metaspace       used 34736K, capacity 35350K, committed 35456K, reserved 1079296K
  class space    used 4514K, capacity 4696K, committed 4736K, reserved 1048576K
Event: 4.729 GC heap after
Heap after GC invocations=9 (full 2):
 PSYoungGen      total 129536K, used 0K [0x00000000d8500000, 0x00000000e5000000, 0x0000000100000000)
  eden space 120320K, 0% used [0x00000000d8500000,0x00000000d8500000,0x00000000dfa80000)
  from space 9216K, 0% used [0x00000000dfa80000,0x00000000dfa80000,0x00000000e0380000)
  to   space 12288K, 0% used [0x00000000e4400000,0x00000000e4400000,0x00000000e5000000)
 ParOldGen       total 84992K, used 19587K [0x0000000088e00000, 0x000000008e100000, 0x00000000d8500000)
  object space 84992K, 23% used [0x0000000088e00000,0x000000008a120fc8,0x000000008e100000)
 Metaspace       used 34736K, capacity 35350K, committed 35456K, reserved 1079296K
  class space    used 4514K, capacity 4696K, committed 4736K, reserved 1048576K
}

