# JRE version: Java(TM) SE Runtime Environment (8.0_60-b27) (build 1.8.0_60-b27)
# Java VM: Java HotSpot(TM) 64-Bit Server VM (25.60-b23 mixed mode windows-amd64 compressed oops)
Heap:
 PSYoungGen      total 175616K, used 79741K [0x00000000d8500000, 0x00000000e7080000, 0x0000000100000000)
  eden space 163328K, 48% used [0x00000000d8500000,0x00000000dd2df6e8,0x00000000e2480000)
  from space 12288K, 0% used [0x00000000e3180000,0x00000000e3180000,0x00000000e3d80000)
  to   space 13312K, 0% used [0x00000000e2480000,0x00000000e2480000,0x00000000e3180000)
 ParOldGen       total 81408K, used 20871K [0x0000000088e00000, 0x000000008dd80000, 0x00000000d8500000)
  object space 81408K, 25% used [0x0000000088e00000,0x000000008a261e20,0x000000008dd80000)
 Metaspace       used 40473K, capacity 41828K, committed 41984K, reserved 1085440K
  class space    used 5336K, capacity 5625K, committed 5632K, reserved 1048576K
GC Heap History (10 events):
Event: 2.020 GC heap before
{Heap before GC invocations=6 (full 1):
 PSYoungGen      total 66560K, used 5110K [0x00000000d8500000, 0x00000000e0f00000, 0x0000000100000000)
  eden space 61440K, 0% used [0x00000000d8500000,0x00000000d8500000,0x00000000dc100000)
  from space 5120K, 99% used [0x00000000dc100000,0x00000000dc5fd8c8,0x00000000dc600000)
  to   space 9216K, 0% used [0x00000000e0600000,0x00000000e0600000,0x00000000e0f00000)
 ParOldGen       total 81920K, used 7542K [0x0000000088e00000, 0x000000008de00000, 0x00000000d8500000)
  object space 81920K, 9% used [0x0000000088e00000,0x000000008955d878,0x000000008de00000)
 Metaspace       used 20807K, capacity 21172K, committed 21296K, reserved 1069056K
  class space    used 2564K, capacity 2678K, committed 2688K, reserved 1048576K
Event: 2.049 GC heap after
Heap after GC invocations=6 (full 1):
 PSYoungGen      total 66560K, used 0K [0x00000000d8500000, 0x00000000e0f00000, 0x0000000100000000)
  eden space 61440K, 0% used [0x00000000d8500000,0x00000000d8500000,0x00000000dc100000)
  from space 5120K, 0% used [0x00000000dc100000,0x00000000dc100000,0x00000000dc600000)
  to   space 9216K, 0% used [0x00000000e0600000,0x00000000e0600000,0x00000000e0f00000)
 ParOldGen       total 50688K, used 6439K [0x0000000088e00000, 0x000000008bf80000, 0x00000000d8500000)
  object space 50688K, 12% used [0x0000000088e00000,0x0000000089449f18,0x000000008bf80000)
 Metaspace       used 20807K, capacity 21172K, committed 21296K, reserved 1069056K
  class space    used 2564K, capacity 2678K, committed 2688K, reserved 1048576K
}
Event: 2.571 GC heap before
{Heap before GC invocations=7 (full 1):
 PSYoungGen      total 66560K, used 61440K [0x00000000d8500000, 0x00000000e0f00000, 0x0000000100000000)
  eden space 61440K, 100% used [0x00000000d8500000,0x00000000dc100000,0x00000000dc100000)
  from space 5120K, 0% used [0x00000000dc100000,0x00000000dc100000,0x00000000dc600000)
  to   space 9216K, 0% used [0x00000000e0600000,0x00000000e0600000,0x00000000e0f00000)
 ParOldGen       total 50688K, used 6439K [0x0000000088e00000, 0x000000008bf80000, 0x00000000d8500000)
  object space 50688K, 12% used [0x0000000088e00000,0x0000000089449f18,0x000000008bf80000)
 Metaspace       used 24890K, capacity 25320K, committed 25600K, reserved 1071104K
  class space    used 3098K, capacity 3236K, committed 3328K, reserved 1048576K
Event: 2.578 GC heap after
Heap after GC invocations=7 (full 1):
 PSYoungGen      total 108544K, used 6486K [0x00000000d8500000, 0x00000000e0c80000, 0x0000000100000000)
  eden space 101888K, 0% used [0x00000000d8500000,0x00000000d8500000,0x00000000de880000)
  from space 6656K, 97% used [0x00000000e0600000,0x00000000e0c55af0,0x00000000e0c80000)
  to   space 9216K, 0% used [0x00000000dfa80000,0x00000000dfa80000,0x00000000e0380000)
 ParOldGen       total 50688K, used 6439K [0x0000000088e00000, 0x000000008bf80000, 0x00000000d8500000)
  object space 50688K, 12% used [0x0000000088e00000,0x0000000089449f18,0x000000008bf80000)
 Metaspace       used 24890K, capacity 25320K, committed 25600K, reserved 1071104K
  class space    used 3098K, capacity 3236K, committed 3328K, reserved 1048576K
}
Event: 3.679 GC heap before
{Heap before GC invocations=8 (full 1):
 PSYoungGen      total 108544K, used 67417K [0x00000000d8500000, 0x00000000e0c80000, 0x0000000100000000)
  eden space 101888K, 59% used [0x00000000d8500000,0x00000000dc080bf0,0x00000000de880000)
  from space 6656K, 97% used [0x00000000e0600000,0x00000000e0c55af0,0x00000000e0c80000)
  to   space 9216K, 0% used [0x00000000dfa80000,0x00000000dfa80000,0x00000000e0380000)
 ParOldGen       total 50688K, used 6439K [0x0000000088e00000, 0x000000008bf80000, 0x00000000d8500000)
  object space 50688K, 12% used [0x0000000088e00000,0x0000000089449f18,0x000000008bf80000)
 Metaspace       used 34744K, capacity 35410K, committed 35712K, reserved 1081344K
  class space    used 4514K, capacity 4696K, committed 4736K, reserved 1048576K
Event: 3.687 GC heap after
Heap after GC invocations=8 (full 1):
 PSYoungGen      total 129536K, used 9204K [0x00000000d8500000, 0x00000000e3d80000, 0x0000000100000000)
  eden space 120320K, 0% used [0x00000000d8500000,0x00000000d8500000,0x00000000dfa80000)
  from space 9216K, 99% used [0x00000000dfa80000,0x00000000e037d198,0x00000000e0380000)
  to   space 12288K, 0% used [0x00000000e3180000,0x00000000e3180000,0x00000000e3d80000)
 ParOldGen       total 50688K, used 11007K [0x0000000088e00000, 0x000000008bf80000, 0x00000000d8500000)
  object space 50688K, 21% used [0x0000000088e00000,0x00000000898bff58,0x000000008bf80000)
 Metaspace       used 34744K, capacity 35410K, committed 35712K, reserved 1081344K
  class space    used 4514K, capacity 4696K, committed 4736K, reserved 1048576K
}
Event: 3.723 GC heap before
{Heap before GC invocations=9 (full 1):
 PSYoungGen      total 129536K, used 24872K [0x00000000d8500000, 0x00000000e3d80000, 0x0000000100000000)
  eden space 120320K, 13% used [0x00000000d8500000,0x00000000d944d178,0x00000000dfa80000)
  from space 9216K, 99% used [0x00000000dfa80000,0x00000000e037d198,0x00000000e0380000)
  to   space 12288K, 0% used [0x00000000e3180000,0x00000000e3180000,0x00000000e3d80000)
 ParOldGen       total 50688K, used 11007K [0x0000000088e00000, 0x000000008bf80000, 0x00000000d8500000)
  object space 50688K, 21% used [0x0000000088e00000,0x00000000898bff58,0x000000008bf80000)
 Metaspace       used 35074K, capacity 35716K, committed 35828K, reserved 1081344K
  class space    used 4553K, capacity 4733K, committed 4736K, reserved 1048576K
Event: 3.729 GC heap after
Heap after GC invocations=9 (full 1):
 PSYoungGen      total 175616K, used 10560K [0x00000000d8500000, 0x00000000e7080000, 0x0000000100000000)
  eden space 163328K, 0% used [0x00000000d8500000,0x00000000d8500000,0x00000000e2480000)
  from space 12288K, 85% used [0x00000000e3180000,0x00000000e3bd0300,0x00000000e3d80000)
  to   space 13312K, 0% used [0x00000000e2480000,0x00000000e2480000,0x00000000e3180000)
 ParOldGen       total 50688K, used 11015K [0x0000000088e00000, 0x000000008bf80000, 0x00000000d8500000)
  object space 50688K, 21% used [0x0000000088e00000,0x00000000898c1f58,0x000000008bf80000)
 Metaspace       used 35074K, capacity 35716K, committed 35828K, reserved 1081344K
  class space    used 4553K, capacity 4733K, committed 4736K, reserved 1048576K
}
Event: 3.729 GC heap before
{Heap before GC invocations=10 (full 2):
 PSYoungGen      total 175616K, used 10560K [0x00000000d8500000, 0x00000000e7080000, 0x0000000100000000)
  eden space 163328K, 0% used [0x00000000d8500000,0x00000000d8500000,0x00000000e2480000)
  from space 12288K, 85% used [0x00000000e3180000,0x00000000e3bd0300,0x00000000e3d80000)
  to   space 13312K, 0% used [0x00000000e2480000,0x00000000e2480000,0x00000000e3180000)
 ParOldGen       total 50688K, used 11015K [0x0000000088e00000, 0x000000008bf80000, 0x00000000d8500000)
  object space 50688K, 21% used [0x0000000088e00000,0x00000000898c1f58,0x000000008bf80000)
 Metaspace       used 35074K, capacity 35716K, committed 35828K, reserved 1081344K
  class space    used 4553K, capacity 4733K, committed 4736K, reserved 1048576K
Event: 3.808 GC heap after
Heap after GC invocations=10 (full 2):
 PSYoungGen      total 175616K, used 0K [0x00000000d8500000, 0x00000000e7080000, 0x0000000100000000)
  eden space 163328K, 0% used [0x00000000d8500000,0x00000000d8500000,0x00000000e2480000)
  from space 12288K, 0% used [0x00000000e3180000,0x00000000e3180000,0x00000000e3d80000)
  to   space 13312K, 0% used [0x00000000e2480000,0x00000000e2480000,0x00000000e3180000)
 ParOldGen       total 81408K, used 20871K [0x0000000088e00000, 0x000000008dd80000, 0x00000000d8500000)
  object space 81408K, 25% used [0x0000000088e00000,0x000000008a261e20,0x000000008dd80000)
 Metaspace       used 35074K, capacity 35716K, committed 35828K, reserved 1081344K
  class space    used 4553K, capacity 4733K, committed 4736K, reserved 1048576K
}

