# JRE version: Java(TM) SE Runtime Environment (8.0_60-b27) (build 1.8.0_60-b27)
# Java VM: Java HotSpot(TM) 64-Bit Server VM (25.60-b23 mixed mode windows-amd64 compressed oops)
Heap:
 PSYoungGen      total 294400K, used 274540K [0x00000000d8500000, 0x00000000f0f00000, 0x0000000100000000)
  eden space 258048K, 92% used [0x00000000d8500000,0x00000000e6d9b4e8,0x00000000e8100000)
  from space 36352K, 99% used [0x00000000e8100000,0x00000000ea47feb0,0x00000000ea480000)
  to   space 44032K, 0% used [0x00000000ee400000,0x00000000ee400000,0x00000000f0f00000)
 ParOldGen       total 162304K, used 64249K [0x0000000088e00000, 0x0000000092c80000, 0x00000000d8500000)
  object space 162304K, 39% used [0x0000000088e00000,0x000000008ccbe5d8,0x0000000092c80000)
 Metaspace       used 45265K, capacity 47378K, committed 47576K, reserved 1091584K
  class space    used 5678K, capacity 6074K, committed 6144K, reserved 1048576K
GC Heap History (10 events):
Event: 75.943 GC heap before
{Heap before GC invocations=14 (full 2):
 PSYoungGen      total 189952K, used 189936K [0x00000000d8500000, 0x00000000e8580000, 0x0000000100000000)
  eden space 169984K, 100% used [0x00000000d8500000,0x00000000e2b00000,0x00000000e2b00000)
  from space 19968K, 99% used [0x00000000e2b00000,0x00000000e3e7c160,0x00000000e3e80000)
  to   space 28160K, 0% used [0x00000000e6a00000,0x00000000e6a00000,0x00000000e8580000)
 ParOldGen       total 84992K, used 48418K [0x0000000088e00000, 0x000000008e100000, 0x00000000d8500000)
  object space 84992K, 56% used [0x0000000088e00000,0x000000008bd48928,0x000000008e100000)
 Metaspace       used 44522K, capacity 46478K, committed 46680K, reserved 1089536K
  class space    used 5644K, capacity 6014K, committed 6016K, reserved 1048576K
Event: 75.997 GC heap after
Heap after GC invocations=14 (full 2):
 PSYoungGen      total 233984K, used 18272K [0x00000000d8500000, 0x00000000e8880000, 0x0000000100000000)
  eden space 205824K, 0% used [0x00000000d8500000,0x00000000d8500000,0x00000000e4e00000)
  from space 28160K, 64% used [0x00000000e6a00000,0x00000000e7bd8000,0x00000000e8580000)
  to   space 28672K, 0% used [0x00000000e4e00000,0x00000000e4e00000,0x00000000e6a00000)
 ParOldGen       total 84992K, used 61854K [0x0000000088e00000, 0x000000008e100000, 0x00000000d8500000)
  object space 84992K, 72% used [0x0000000088e00000,0x000000008ca67b98,0x000000008e100000)
 Metaspace       used 44522K, capacity 46478K, committed 46680K, reserved 1089536K
  class space    used 5644K, capacity 6014K, committed 6016K, reserved 1048576K
}
Event: 78.132 GC heap before
{Heap before GC invocations=15 (full 2):
 PSYoungGen      total 233984K, used 224096K [0x00000000d8500000, 0x00000000e8880000, 0x0000000100000000)
  eden space 205824K, 100% used [0x00000000d8500000,0x00000000e4e00000,0x00000000e4e00000)
  from space 28160K, 64% used [0x00000000e6a00000,0x00000000e7bd8000,0x00000000e8580000)
  to   space 28672K, 0% used [0x00000000e4e00000,0x00000000e4e00000,0x00000000e6a00000)
 ParOldGen       total 84992K, used 61854K [0x0000000088e00000, 0x000000008e100000, 0x00000000d8500000)
  object space 84992K, 72% used [0x0000000088e00000,0x000000008ca67b98,0x000000008e100000)
 Metaspace       used 44556K, capacity 46478K, committed 46680K, reserved 1089536K
  class space    used 5644K, capacity 6014K, committed 6016K, reserved 1048576K
Event: 78.187 GC heap after
Heap after GC invocations=15 (full 2):
 PSYoungGen      total 234496K, used 28651K [0x00000000d8500000, 0x00000000eca00000, 0x0000000100000000)
  eden space 205824K, 0% used [0x00000000d8500000,0x00000000d8500000,0x00000000e4e00000)
  from space 28672K, 99% used [0x00000000e4e00000,0x00000000e69fac60,0x00000000e6a00000)
  to   space 38400K, 0% used [0x00000000ea480000,0x00000000ea480000,0x00000000eca00000)
 ParOldGen       total 84992K, used 76189K [0x0000000088e00000, 0x000000008e100000, 0x00000000d8500000)
  object space 84992K, 89% used [0x0000000088e00000,0x000000008d867780,0x000000008e100000)
 Metaspace       used 44556K, capacity 46478K, committed 46680K, reserved 1089536K
  class space    used 5644K, capacity 6014K, committed 6016K, reserved 1048576K
}
Event: 78.187 GC heap before
{Heap before GC invocations=16 (full 3):
 PSYoungGen      total 234496K, used 28651K [0x00000000d8500000, 0x00000000eca00000, 0x0000000100000000)
  eden space 205824K, 0% used [0x00000000d8500000,0x00000000d8500000,0x00000000e4e00000)
  from space 28672K, 99% used [0x00000000e4e00000,0x00000000e69fac60,0x00000000e6a00000)
  to   space 38400K, 0% used [0x00000000ea480000,0x00000000ea480000,0x00000000eca00000)
 ParOldGen       total 84992K, used 76189K [0x0000000088e00000, 0x000000008e100000, 0x00000000d8500000)
  object space 84992K, 89% used [0x0000000088e00000,0x000000008d867780,0x000000008e100000)
 Metaspace       used 44556K, capacity 46478K, committed 46680K, reserved 1089536K
  class space    used 5644K, capacity 6014K, committed 6016K, reserved 1048576K
Event: 78.479 GC heap after
Heap after GC invocations=16 (full 3):
 PSYoungGen      total 234496K, used 0K [0x00000000d8500000, 0x00000000eca00000, 0x0000000100000000)
  eden space 205824K, 0% used [0x00000000d8500000,0x00000000d8500000,0x00000000e4e00000)
  from space 28672K, 0% used [0x00000000e4e00000,0x00000000e4e00000,0x00000000e6a00000)
  to   space 38400K, 0% used [0x00000000ea480000,0x00000000ea480000,0x00000000eca00000)
 ParOldGen       total 162304K, used 58724K [0x0000000088e00000, 0x0000000092c80000, 0x00000000d8500000)
  object space 162304K, 36% used [0x0000000088e00000,0x000000008c759300,0x0000000092c80000)
 Metaspace       used 44556K, capacity 46478K, committed 46680K, reserved 1089536K
  class space    used 5644K, capacity 6014K, committed 6016K, reserved 1048576K
}
Event: 88.285 GC heap before
{Heap before GC invocations=17 (full 3):
 PSYoungGen      total 234496K, used 205824K [0x00000000d8500000, 0x00000000eca00000, 0x0000000100000000)
  eden space 205824K, 100% used [0x00000000d8500000,0x00000000e4e00000,0x00000000e4e00000)
  from space 28672K, 0% used [0x00000000e4e00000,0x00000000e4e00000,0x00000000e6a00000)
  to   space 38400K, 0% used [0x00000000ea480000,0x00000000ea480000,0x00000000eca00000)
 ParOldGen       total 162304K, used 58724K [0x0000000088e00000, 0x0000000092c80000, 0x00000000d8500000)
  object space 162304K, 36% used [0x0000000088e00000,0x000000008c759300,0x0000000092c80000)
 Metaspace       used 44662K, capacity 46620K, committed 46680K, reserved 1089536K
  class space    used 5646K, capacity 6015K, committed 6016K, reserved 1048576K
Event: 88.321 GC heap after
Heap after GC invocations=17 (full 3):
 PSYoungGen      total 295424K, used 14532K [0x00000000d8500000, 0x00000000ec900000, 0x0000000100000000)
  eden space 258048K, 0% used [0x00000000d8500000,0x00000000d8500000,0x00000000e8100000)
  from space 37376K, 38% used [0x00000000ea480000,0x00000000eb2b1390,0x00000000ec900000)
  to   space 36352K, 0% used [0x00000000e8100000,0x00000000e8100000,0x00000000ea480000)
 ParOldGen       total 162304K, used 58732K [0x0000000088e00000, 0x0000000092c80000, 0x00000000d8500000)
  object space 162304K, 36% used [0x0000000088e00000,0x000000008c75b300,0x0000000092c80000)
 Metaspace       used 44662K, capacity 46620K, committed 46680K, reserved 1089536K
  class space    used 5646K, capacity 6015K, committed 6016K, reserved 1048576K
}
Event: 130.616 GC heap before
{Heap before GC invocations=18 (full 3):
 PSYoungGen      total 295424K, used 272580K [0x00000000d8500000, 0x00000000ec900000, 0x0000000100000000)
  eden space 258048K, 100% used [0x00000000d8500000,0x00000000e8100000,0x00000000e8100000)
  from space 37376K, 38% used [0x00000000ea480000,0x00000000eb2b1390,0x00000000ec900000)
  to   space 36352K, 0% used [0x00000000e8100000,0x00000000e8100000,0x00000000ea480000)
 ParOldGen       total 162304K, used 58732K [0x0000000088e00000, 0x0000000092c80000, 0x00000000d8500000)
  object space 162304K, 36% used [0x0000000088e00000,0x000000008c75b300,0x0000000092c80000)
 Metaspace       used 44762K, capacity 46706K, committed 46936K, reserved 1089536K
  class space    used 5653K, capacity 6016K, committed 6016K, reserved 1048576K
Event: 130.687 GC heap after
Heap after GC invocations=18 (full 3):
 PSYoungGen      total 294400K, used 36351K [0x00000000d8500000, 0x00000000f0f00000, 0x0000000100000000)
  eden space 258048K, 0% used [0x00000000d8500000,0x00000000d8500000,0x00000000e8100000)
  from space 36352K, 99% used [0x00000000e8100000,0x00000000ea47feb0,0x00000000ea480000)
  to   space 44032K, 0% used [0x00000000ee400000,0x00000000ee400000,0x00000000f0f00000)
 ParOldGen       total 162304K, used 64249K [0x0000000088e00000, 0x0000000092c80000, 0x00000000d8500000)
  object space 162304K, 39% used [0x0000000088e00000,0x000000008ccbe5d8,0x0000000092c80000)
 Metaspace       used 44762K, capacity 46706K, committed 46936K, reserved 1089536K
  class space    used 5653K, capacity 6016K, committed 6016K, reserved 1048576K
}

