# JRE version: Java(TM) SE Runtime Environment (8.0_60-b27) (build 1.8.0_60-b27)
# Java VM: Java HotSpot(TM) 64-Bit Server VM (25.60-b23 mixed mode windows-amd64 compressed oops)
Heap:
 PSYoungGen      total 132608K, used 37960K [0x0000000758500000, 0x0000000764200000, 0x00000007c0000000)
  eden space 119296K, 31% used [0x0000000758500000,0x000000075aa123c8,0x000000075f980000)
  from space 13312K, 0% used [0x000000075f980000,0x000000075f980000,0x0000000760680000)
  to   space 12800K, 0% used [0x0000000763580000,0x0000000763580000,0x0000000764200000)
 ParOldGen       total 178176K, used 16354K [0x0000000688e00000, 0x0000000693c00000, 0x0000000758500000)
  object space 178176K, 9% used [0x0000000688e00000,0x0000000689df8bf0,0x0000000693c00000)
 Metaspace       used 37656K, capacity 38954K, committed 39208K, reserved 1083392K
  class space    used 5053K, capacity 5322K, committed 5416K, reserved 1048576K
GC Heap History (10 events):
Event: 1.327 GC heap before
{Heap before GC invocations=3 (full 1):
 PSYoungGen      total 93184K, used 9742K [0x0000000758500000, 0x0000000763b00000, 0x00000007c0000000)
  eden space 79872K, 0% used [0x0000000758500000,0x0000000758500000,0x000000075d300000)
  from space 13312K, 73% used [0x000000075e000000,0x000000075e983868,0x000000075ed00000)
  to   space 13312K, 0% used [0x000000075d300000,0x000000075d300000,0x000000075e000000)
 ParOldGen       total 212992K, used 88K [0x0000000688e00000, 0x0000000695e00000, 0x0000000758500000)
  object space 212992K, 0% used [0x0000000688e00000,0x0000000688e16010,0x0000000695e00000)
 Metaspace       used 20631K, capacity 21234K, committed 21296K, reserved 1067008K
  class space    used 2779K, capacity 2940K, committed 2944K, reserved 1048576K
Event: 1.360 GC heap after
Heap after GC invocations=3 (full 1):
 PSYoungGen      total 93184K, used 0K [0x0000000758500000, 0x0000000763b00000, 0x00000007c0000000)
  eden space 79872K, 0% used [0x0000000758500000,0x0000000758500000,0x000000075d300000)
  from space 13312K, 0% used [0x000000075e000000,0x000000075e000000,0x000000075ed00000)
  to   space 13312K, 0% used [0x000000075d300000,0x000000075d300000,0x000000075e000000)
 ParOldGen       total 122880K, used 9546K [0x0000000688e00000, 0x0000000690600000, 0x0000000758500000)
  object space 122880K, 7% used [0x0000000688e00000,0x0000000689752af8,0x0000000690600000)
 Metaspace       used 20631K, capacity 21234K, committed 21296K, reserved 1067008K
  class space    used 2779K, capacity 2940K, committed 2944K, reserved 1048576K
}
Event: 2.284 GC heap before
{Heap before GC invocations=4 (full 1):
 PSYoungGen      total 93184K, used 79872K [0x0000000758500000, 0x0000000763b00000, 0x00000007c0000000)
  eden space 79872K, 100% used [0x0000000758500000,0x000000075d300000,0x000000075d300000)
  from space 13312K, 0% used [0x000000075e000000,0x000000075e000000,0x000000075ed00000)
  to   space 13312K, 0% used [0x000000075d300000,0x000000075d300000,0x000000075e000000)
 ParOldGen       total 122880K, used 9546K [0x0000000688e00000, 0x0000000690600000, 0x0000000758500000)
  object space 122880K, 7% used [0x0000000688e00000,0x0000000689752af8,0x0000000690600000)
 Metaspace       used 29089K, capacity 29720K, committed 29952K, reserved 1075200K
  class space    used 3865K, capacity 4045K, committed 4096K, reserved 1048576K
Event: 2.291 GC heap after
Heap after GC invocations=4 (full 1):
 PSYoungGen      total 93184K, used 8547K [0x0000000758500000, 0x0000000761500000, 0x00000007c0000000)
  eden space 79872K, 0% used [0x0000000758500000,0x0000000758500000,0x000000075d300000)
  from space 13312K, 64% used [0x000000075d300000,0x000000075db58eb8,0x000000075e000000)
  to   space 13312K, 0% used [0x0000000760800000,0x0000000760800000,0x0000000761500000)
 ParOldGen       total 122880K, used 9618K [0x0000000688e00000, 0x0000000690600000, 0x0000000758500000)
  object space 122880K, 7% used [0x0000000688e00000,0x0000000689764b08,0x0000000690600000)
 Metaspace       used 29089K, capacity 29720K, committed 29952K, reserved 1075200K
  class space    used 3865K, capacity 4045K, committed 4096K, reserved 1048576K
}
Event: 11.327 GC heap before
{Heap before GC invocations=5 (full 1):
 PSYoungGen      total 93184K, used 88419K [0x0000000758500000, 0x0000000761500000, 0x00000007c0000000)
  eden space 79872K, 100% used [0x0000000758500000,0x000000075d300000,0x000000075d300000)
  from space 13312K, 64% used [0x000000075d300000,0x000000075db58eb8,0x000000075e000000)
  to   space 13312K, 0% used [0x0000000760800000,0x0000000760800000,0x0000000761500000)
 ParOldGen       total 122880K, used 9618K [0x0000000688e00000, 0x0000000690600000, 0x0000000758500000)
  object space 122880K, 7% used [0x0000000688e00000,0x0000000689764b08,0x0000000690600000)
 Metaspace       used 33839K, capacity 34612K, committed 34944K, reserved 1079296K
  class space    used 4411K, capacity 4621K, committed 4736K, reserved 1048576K
Event: 11.341 GC heap after
Heap after GC invocations=5 (full 1):
 PSYoungGen      total 127488K, used 11629K [0x0000000758500000, 0x0000000761380000, 0x00000007c0000000)
  eden space 115712K, 0% used [0x0000000758500000,0x0000000758500000,0x000000075f600000)
  from space 11776K, 98% used [0x0000000760800000,0x000000076135b458,0x0000000761380000)
  to   space 13312K, 0% used [0x000000075f980000,0x000000075f980000,0x0000000760680000)
 ParOldGen       total 122880K, used 9626K [0x0000000688e00000, 0x0000000690600000, 0x0000000758500000)
  object space 122880K, 7% used [0x0000000688e00000,0x0000000689766b08,0x0000000690600000)
 Metaspace       used 33839K, capacity 34612K, committed 34944K, reserved 1079296K
  class space    used 4411K, capacity 4621K, committed 4736K, reserved 1048576K
}
Event: 11.688 GC heap before
{Heap before GC invocations=6 (full 1):
 PSYoungGen      total 127488K, used 24246K [0x0000000758500000, 0x0000000761380000, 0x00000007c0000000)
  eden space 115712K, 10% used [0x0000000758500000,0x00000007591526e0,0x000000075f600000)
  from space 11776K, 98% used [0x0000000760800000,0x000000076135b458,0x0000000761380000)
  to   space 13312K, 0% used [0x000000075f980000,0x000000075f980000,0x0000000760680000)
 ParOldGen       total 122880K, used 9626K [0x0000000688e00000, 0x0000000690600000, 0x0000000758500000)
  object space 122880K, 7% used [0x0000000688e00000,0x0000000689766b08,0x0000000690600000)
 Metaspace       used 34526K, capacity 35304K, committed 35496K, reserved 1079296K
  class space    used 4548K, capacity 4745K, committed 4776K, reserved 1048576K
Event: 11.695 GC heap after
Heap after GC invocations=6 (full 1):
 PSYoungGen      total 132608K, used 11541K [0x0000000758500000, 0x0000000764200000, 0x00000007c0000000)
  eden space 119296K, 0% used [0x0000000758500000,0x0000000758500000,0x000000075f980000)
  from space 13312K, 86% used [0x000000075f980000,0x00000007604c55b8,0x0000000760680000)
  to   space 12800K, 0% used [0x0000000763580000,0x0000000763580000,0x0000000764200000)
 ParOldGen       total 122880K, used 9634K [0x0000000688e00000, 0x0000000690600000, 0x0000000758500000)
  object space 122880K, 7% used [0x0000000688e00000,0x0000000689768b08,0x0000000690600000)
 Metaspace       used 34526K, capacity 35304K, committed 35496K, reserved 1079296K
  class space    used 4548K, capacity 4745K, committed 4776K, reserved 1048576K
}
Event: 11.695 GC heap before
{Heap before GC invocations=7 (full 2):
 PSYoungGen      total 132608K, used 11541K [0x0000000758500000, 0x0000000764200000, 0x00000007c0000000)
  eden space 119296K, 0% used [0x0000000758500000,0x0000000758500000,0x000000075f980000)
  from space 13312K, 86% used [0x000000075f980000,0x00000007604c55b8,0x0000000760680000)
  to   space 12800K, 0% used [0x0000000763580000,0x0000000763580000,0x0000000764200000)
 ParOldGen       total 122880K, used 9634K [0x0000000688e00000, 0x0000000690600000, 0x0000000758500000)
  object space 122880K, 7% used [0x0000000688e00000,0x0000000689768b08,0x0000000690600000)
 Metaspace       used 34526K, capacity 35304K, committed 35496K, reserved 1079296K
  class space    used 4548K, capacity 4745K, committed 4776K, reserved 1048576K
Event: 11.746 GC heap after
Heap after GC invocations=7 (full 2):
 PSYoungGen      total 132608K, used 0K [0x0000000758500000, 0x0000000764200000, 0x00000007c0000000)
  eden space 119296K, 0% used [0x0000000758500000,0x0000000758500000,0x000000075f980000)
  from space 13312K, 0% used [0x000000075f980000,0x000000075f980000,0x0000000760680000)
  to   space 12800K, 0% used [0x0000000763580000,0x0000000763580000,0x0000000764200000)
 ParOldGen       total 178176K, used 16354K [0x0000000688e00000, 0x0000000693c00000, 0x0000000758500000)
  object space 178176K, 9% used [0x0000000688e00000,0x0000000689df8bf0,0x0000000693c00000)
 Metaspace       used 34526K, capacity 35304K, committed 35496K, reserved 1079296K
  class space    used 4548K, capacity 4745K, committed 4776K, reserved 1048576K
}

