# JRE version: Java(TM) SE Runtime Environment (8.0_60-b27) (build 1.8.0_60-b27)
# Java VM: Java HotSpot(TM) 64-Bit Server VM (25.60-b23 mixed mode windows-amd64 compressed oops)
Heap:
 PSYoungGen      total 135680K, used 48267K [0x0000000758500000, 0x0000000764a00000, 0x00000007c0000000)
  eden space 122368K, 39% used [0x0000000758500000,0x000000075b422e90,0x000000075fc80000)
  from space 13312K, 0% used [0x000000075fc80000,0x000000075fc80000,0x0000000760980000)
  to   space 12800K, 0% used [0x0000000763d80000,0x0000000763d80000,0x0000000764a00000)
 ParOldGen       total 177664K, used 16501K [0x0000000688e00000, 0x0000000693b80000, 0x0000000758500000)
  object space 177664K, 9% used [0x0000000688e00000,0x0000000689e1d4f0,0x0000000693b80000)
 Metaspace       used 37234K, capacity 38529K, committed 38696K, reserved 1083392K
  class space    used 5052K, capacity 5316K, committed 5416K, reserved 1048576K
GC Heap History (10 events):
Event: 1.309 GC heap before
{Heap before GC invocations=3 (full 1):
 PSYoungGen      total 93184K, used 9763K [0x0000000758500000, 0x0000000763b00000, 0x00000007c0000000)
  eden space 79872K, 0% used [0x0000000758500000,0x0000000758500000,0x000000075d300000)
  from space 13312K, 73% used [0x000000075e000000,0x000000075e988f50,0x000000075ed00000)
  to   space 13312K, 0% used [0x000000075d300000,0x000000075d300000,0x000000075e000000)
 ParOldGen       total 212992K, used 96K [0x0000000688e00000, 0x0000000695e00000, 0x0000000758500000)
  object space 212992K, 0% used [0x0000000688e00000,0x0000000688e18020,0x0000000695e00000)
 Metaspace       used 20643K, capacity 21222K, committed 21296K, reserved 1067008K
  class space    used 2785K, capacity 2940K, committed 2944K, reserved 1048576K
Event: 1.339 GC heap after
Heap after GC invocations=3 (full 1):
 PSYoungGen      total 93184K, used 0K [0x0000000758500000, 0x0000000763b00000, 0x00000007c0000000)
  eden space 79872K, 0% used [0x0000000758500000,0x0000000758500000,0x000000075d300000)
  from space 13312K, 0% used [0x000000075e000000,0x000000075e000000,0x000000075ed00000)
  to   space 13312K, 0% used [0x000000075d300000,0x000000075d300000,0x000000075e000000)
 ParOldGen       total 120320K, used 9558K [0x0000000688e00000, 0x0000000690380000, 0x0000000758500000)
  object space 120320K, 7% used [0x0000000688e00000,0x0000000689755948,0x0000000690380000)
 Metaspace       used 20643K, capacity 21222K, committed 21296K, reserved 1067008K
  class space    used 2785K, capacity 2940K, committed 2944K, reserved 1048576K
}
Event: 2.198 GC heap before
{Heap before GC invocations=4 (full 1):
 PSYoungGen      total 93184K, used 79872K [0x0000000758500000, 0x0000000763b00000, 0x00000007c0000000)
  eden space 79872K, 100% used [0x0000000758500000,0x000000075d300000,0x000000075d300000)
  from space 13312K, 0% used [0x000000075e000000,0x000000075e000000,0x000000075ed00000)
  to   space 13312K, 0% used [0x000000075d300000,0x000000075d300000,0x000000075e000000)
 ParOldGen       total 120320K, used 9569K [0x0000000688e00000, 0x0000000690380000, 0x0000000758500000)
  object space 120320K, 7% used [0x0000000688e00000,0x0000000689758698,0x0000000690380000)
 Metaspace       used 29138K, capacity 29816K, committed 30208K, reserved 1075200K
  class space    used 3879K, capacity 4077K, committed 4096K, reserved 1048576K
Event: 2.205 GC heap after
Heap after GC invocations=4 (full 1):
 PSYoungGen      total 93184K, used 8615K [0x0000000758500000, 0x0000000761800000, 0x00000007c0000000)
  eden space 79872K, 0% used [0x0000000758500000,0x0000000758500000,0x000000075d300000)
  from space 13312K, 64% used [0x000000075d300000,0x000000075db69ef0,0x000000075e000000)
  to   space 13312K, 0% used [0x0000000760b00000,0x0000000760b00000,0x0000000761800000)
 ParOldGen       total 120320K, used 9577K [0x0000000688e00000, 0x0000000690380000, 0x0000000758500000)
  object space 120320K, 7% used [0x0000000688e00000,0x000000068975a698,0x0000000690380000)
 Metaspace       used 29138K, capacity 29816K, committed 30208K, reserved 1075200K
  class space    used 3879K, capacity 4077K, committed 4096K, reserved 1048576K
}
Event: 5.032 GC heap before
{Heap before GC invocations=5 (full 1):
 PSYoungGen      total 93184K, used 87338K [0x0000000758500000, 0x0000000761800000, 0x00000007c0000000)
  eden space 79872K, 98% used [0x0000000758500000,0x000000075d1e0ab8,0x000000075d300000)
  from space 13312K, 64% used [0x000000075d300000,0x000000075db69ef0,0x000000075e000000)
  to   space 13312K, 0% used [0x0000000760b00000,0x0000000760b00000,0x0000000761800000)
 ParOldGen       total 120320K, used 9577K [0x0000000688e00000, 0x0000000690380000, 0x0000000758500000)
  object space 120320K, 7% used [0x0000000688e00000,0x000000068975a698,0x0000000690380000)
 Metaspace       used 33764K, capacity 34540K, committed 34944K, reserved 1079296K
  class space    used 4420K, capacity 4621K, committed 4736K, reserved 1048576K
Event: 5.044 GC heap after
Heap after GC invocations=5 (full 1):
 PSYoungGen      total 130560K, used 11681K [0x0000000758500000, 0x0000000761680000, 0x00000007c0000000)
  eden space 118784K, 0% used [0x0000000758500000,0x0000000758500000,0x000000075f900000)
  from space 11776K, 99% used [0x0000000760b00000,0x0000000761668668,0x0000000761680000)
  to   space 13312K, 0% used [0x000000075fc80000,0x000000075fc80000,0x0000000760980000)
 ParOldGen       total 120320K, used 9593K [0x0000000688e00000, 0x0000000690380000, 0x0000000758500000)
  object space 120320K, 7% used [0x0000000688e00000,0x000000068975e698,0x0000000690380000)
 Metaspace       used 33764K, capacity 34540K, committed 34944K, reserved 1079296K
  class space    used 4420K, capacity 4621K, committed 4736K, reserved 1048576K
}
Event: 5.470 GC heap before
{Heap before GC invocations=6 (full 1):
 PSYoungGen      total 130560K, used 23493K [0x0000000758500000, 0x0000000761680000, 0x00000007c0000000)
  eden space 118784K, 9% used [0x0000000758500000,0x0000000759088e78,0x000000075f900000)
  from space 11776K, 99% used [0x0000000760b00000,0x0000000761668668,0x0000000761680000)
  to   space 13312K, 0% used [0x000000075fc80000,0x000000075fc80000,0x0000000760980000)
 ParOldGen       total 120320K, used 9593K [0x0000000688e00000, 0x0000000690380000, 0x0000000758500000)
  object space 120320K, 7% used [0x0000000688e00000,0x000000068975e698,0x0000000690380000)
 Metaspace       used 34470K, capacity 35323K, committed 35496K, reserved 1079296K
  class space    used 4551K, capacity 4776K, committed 4776K, reserved 1048576K
Event: 5.479 GC heap after
Heap after GC invocations=6 (full 1):
 PSYoungGen      total 135680K, used 11653K [0x0000000758500000, 0x0000000764a00000, 0x00000007c0000000)
  eden space 122368K, 0% used [0x0000000758500000,0x0000000758500000,0x000000075fc80000)
  from space 13312K, 87% used [0x000000075fc80000,0x00000007607e15e8,0x0000000760980000)
  to   space 12800K, 0% used [0x0000000763d80000,0x0000000763d80000,0x0000000764a00000)
 ParOldGen       total 120320K, used 9601K [0x0000000688e00000, 0x0000000690380000, 0x0000000758500000)
  object space 120320K, 7% used [0x0000000688e00000,0x0000000689760698,0x0000000690380000)
 Metaspace       used 34470K, capacity 35323K, committed 35496K, reserved 1079296K
  class space    used 4551K, capacity 4776K, committed 4776K, reserved 1048576K
}
Event: 5.479 GC heap before
{Heap before GC invocations=7 (full 2):
 PSYoungGen      total 135680K, used 11653K [0x0000000758500000, 0x0000000764a00000, 0x00000007c0000000)
  eden space 122368K, 0% used [0x0000000758500000,0x0000000758500000,0x000000075fc80000)
  from space 13312K, 87% used [0x000000075fc80000,0x00000007607e15e8,0x0000000760980000)
  to   space 12800K, 0% used [0x0000000763d80000,0x0000000763d80000,0x0000000764a00000)
 ParOldGen       total 120320K, used 9601K [0x0000000688e00000, 0x0000000690380000, 0x0000000758500000)
  object space 120320K, 7% used [0x0000000688e00000,0x0000000689760698,0x0000000690380000)
 Metaspace       used 34470K, capacity 35323K, committed 35496K, reserved 1079296K
  class space    used 4551K, capacity 4776K, committed 4776K, reserved 1048576K
Event: 5.530 GC heap after
Heap after GC invocations=7 (full 2):
 PSYoungGen      total 135680K, used 0K [0x0000000758500000, 0x0000000764a00000, 0x00000007c0000000)
  eden space 122368K, 0% used [0x0000000758500000,0x0000000758500000,0x000000075fc80000)
  from space 13312K, 0% used [0x000000075fc80000,0x000000075fc80000,0x0000000760980000)
  to   space 12800K, 0% used [0x0000000763d80000,0x0000000763d80000,0x0000000764a00000)
 ParOldGen       total 177664K, used 16501K [0x0000000688e00000, 0x0000000693b80000, 0x0000000758500000)
  object space 177664K, 9% used [0x0000000688e00000,0x0000000689e1d4f0,0x0000000693b80000)
 Metaspace       used 34470K, capacity 35323K, committed 35496K, reserved 1079296K
  class space    used 4551K, capacity 4776K, committed 4776K, reserved 1048576K
}

