# JRE version: Java(TM) SE Runtime Environment (8.0_60-b27) (build 1.8.0_60-b27)
# Java VM: Java HotSpot(TM) 64-Bit Server VM (25.60-b23 mixed mode windows-amd64 compressed oops)
Heap:
 PSYoungGen      total 134656K, used 14862K [0x0000000758500000, 0x0000000764700000, 0x00000007c0000000)
  eden space 121344K, 12% used [0x0000000758500000,0x0000000759383860,0x000000075fb80000)
  from space 13312K, 0% used [0x000000075fb80000,0x000000075fb80000,0x0000000760880000)
  to   space 14336K, 0% used [0x0000000763900000,0x0000000763900000,0x0000000764700000)
 ParOldGen       total 175104K, used 16518K [0x0000000688e00000, 0x0000000693900000, 0x0000000758500000)
  object space 175104K, 9% used [0x0000000688e00000,0x0000000689e21b30,0x0000000693900000)
 Metaspace       used 37171K, capacity 38464K, committed 38696K, reserved 1083392K
  class space    used 5049K, capacity 5321K, committed 5416K, reserved 1048576K
GC Heap History (10 events):
Event: 1.307 GC heap before
{Heap before GC invocations=3 (full 1):
 PSYoungGen      total 93184K, used 9680K [0x0000000758500000, 0x0000000763b00000, 0x00000007c0000000)
  eden space 79872K, 0% used [0x0000000758500000,0x0000000758500000,0x000000075d300000)
  from space 13312K, 72% used [0x000000075e000000,0x000000075e9741a0,0x000000075ed00000)
  to   space 13312K, 0% used [0x000000075d300000,0x000000075d300000,0x000000075e000000)
 ParOldGen       total 212992K, used 88K [0x0000000688e00000, 0x0000000695e00000, 0x0000000758500000)
  object space 212992K, 0% used [0x0000000688e00000,0x0000000688e16010,0x0000000695e00000)
 Metaspace       used 20666K, capacity 21230K, committed 21296K, reserved 1067008K
  class space    used 2779K, capacity 2940K, committed 2944K, reserved 1048576K
Event: 1.339 GC heap after
Heap after GC invocations=3 (full 1):
 PSYoungGen      total 93184K, used 0K [0x0000000758500000, 0x0000000763b00000, 0x00000007c0000000)
  eden space 79872K, 0% used [0x0000000758500000,0x0000000758500000,0x000000075d300000)
  from space 13312K, 0% used [0x000000075e000000,0x000000075e000000,0x000000075ed00000)
  to   space 13312K, 0% used [0x000000075d300000,0x000000075d300000,0x000000075e000000)
 ParOldGen       total 120832K, used 9558K [0x0000000688e00000, 0x0000000690400000, 0x0000000758500000)
  object space 120832K, 7% used [0x0000000688e00000,0x0000000689755820,0x0000000690400000)
 Metaspace       used 20666K, capacity 21230K, committed 21296K, reserved 1067008K
  class space    used 2779K, capacity 2940K, committed 2944K, reserved 1048576K
}
Event: 2.212 GC heap before
{Heap before GC invocations=4 (full 1):
 PSYoungGen      total 93184K, used 79872K [0x0000000758500000, 0x0000000763b00000, 0x00000007c0000000)
  eden space 79872K, 100% used [0x0000000758500000,0x000000075d300000,0x000000075d300000)
  from space 13312K, 0% used [0x000000075e000000,0x000000075e000000,0x000000075ed00000)
  to   space 13312K, 0% used [0x000000075d300000,0x000000075d300000,0x000000075e000000)
 ParOldGen       total 120832K, used 9558K [0x0000000688e00000, 0x0000000690400000, 0x0000000758500000)
  object space 120832K, 7% used [0x0000000688e00000,0x0000000689755820,0x0000000690400000)
 Metaspace       used 29136K, capacity 29812K, committed 30208K, reserved 1075200K
  class space    used 3873K, capacity 4077K, committed 4096K, reserved 1048576K
Event: 2.219 GC heap after
Heap after GC invocations=4 (full 1):
 PSYoungGen      total 93184K, used 8619K [0x0000000758500000, 0x0000000761700000, 0x00000007c0000000)
  eden space 79872K, 0% used [0x0000000758500000,0x0000000758500000,0x000000075d300000)
  from space 13312K, 64% used [0x000000075d300000,0x000000075db6ac20,0x000000075e000000)
  to   space 13312K, 0% used [0x0000000760a00000,0x0000000760a00000,0x0000000761700000)
 ParOldGen       total 120832K, used 9566K [0x0000000688e00000, 0x0000000690400000, 0x0000000758500000)
  object space 120832K, 7% used [0x0000000688e00000,0x0000000689757820,0x0000000690400000)
 Metaspace       used 29136K, capacity 29812K, committed 30208K, reserved 1075200K
  class space    used 3873K, capacity 4077K, committed 4096K, reserved 1048576K
}
Event: 12.123 GC heap before
{Heap before GC invocations=5 (full 1):
 PSYoungGen      total 93184K, used 88180K [0x0000000758500000, 0x0000000761700000, 0x00000007c0000000)
  eden space 79872K, 99% used [0x0000000758500000,0x000000075d2b26d0,0x000000075d300000)
  from space 13312K, 64% used [0x000000075d300000,0x000000075db6ac20,0x000000075e000000)
  to   space 13312K, 0% used [0x0000000760a00000,0x0000000760a00000,0x0000000761700000)
 ParOldGen       total 120832K, used 9566K [0x0000000688e00000, 0x0000000690400000, 0x0000000758500000)
  object space 120832K, 7% used [0x0000000688e00000,0x0000000689757820,0x0000000690400000)
 Metaspace       used 33842K, capacity 34608K, committed 34944K, reserved 1079296K
  class space    used 4411K, capacity 4621K, committed 4736K, reserved 1048576K
Event: 12.137 GC heap after
Heap after GC invocations=5 (full 1):
 PSYoungGen      total 129024K, used 11694K [0x0000000758500000, 0x0000000761580000, 0x00000007c0000000)
  eden space 117248K, 0% used [0x0000000758500000,0x0000000758500000,0x000000075f780000)
  from space 11776K, 99% used [0x0000000760a00000,0x000000076156bb70,0x0000000761580000)
  to   space 13312K, 0% used [0x000000075fb80000,0x000000075fb80000,0x0000000760880000)
 ParOldGen       total 120832K, used 9574K [0x0000000688e00000, 0x0000000690400000, 0x0000000758500000)
  object space 120832K, 7% used [0x0000000688e00000,0x0000000689759820,0x0000000690400000)
 Metaspace       used 33842K, capacity 34608K, committed 34944K, reserved 1079296K
  class space    used 4411K, capacity 4621K, committed 4736K, reserved 1048576K
}
Event: 12.701 GC heap before
{Heap before GC invocations=6 (full 1):
 PSYoungGen      total 129024K, used 24455K [0x0000000758500000, 0x0000000761580000, 0x00000007c0000000)
  eden space 117248K, 10% used [0x0000000758500000,0x0000000759176210,0x000000075f780000)
  from space 11776K, 99% used [0x0000000760a00000,0x000000076156bb70,0x0000000761580000)
  to   space 13312K, 0% used [0x000000075fb80000,0x000000075fb80000,0x0000000760880000)
 ParOldGen       total 120832K, used 9574K [0x0000000688e00000, 0x0000000690400000, 0x0000000758500000)
  object space 120832K, 7% used [0x0000000688e00000,0x0000000689759820,0x0000000690400000)
 Metaspace       used 34581K, capacity 35392K, committed 35496K, reserved 1079296K
  class space    used 4553K, capacity 4755K, committed 4776K, reserved 1048576K
Event: 12.709 GC heap after
Heap after GC invocations=6 (full 1):
 PSYoungGen      total 134656K, used 13285K [0x0000000758500000, 0x0000000764700000, 0x00000007c0000000)
  eden space 121344K, 0% used [0x0000000758500000,0x0000000758500000,0x000000075fb80000)
  from space 13312K, 99% used [0x000000075fb80000,0x00000007608795c8,0x0000000760880000)
  to   space 14336K, 0% used [0x0000000763900000,0x0000000763900000,0x0000000764700000)
 ParOldGen       total 120832K, used 9901K [0x0000000688e00000, 0x0000000690400000, 0x0000000758500000)
  object space 120832K, 8% used [0x0000000688e00000,0x00000006897ab520,0x0000000690400000)
 Metaspace       used 34581K, capacity 35392K, committed 35496K, reserved 1079296K
  class space    used 4553K, capacity 4755K, committed 4776K, reserved 1048576K
}
Event: 12.709 GC heap before
{Heap before GC invocations=7 (full 2):
 PSYoungGen      total 134656K, used 13285K [0x0000000758500000, 0x0000000764700000, 0x00000007c0000000)
  eden space 121344K, 0% used [0x0000000758500000,0x0000000758500000,0x000000075fb80000)
  from space 13312K, 99% used [0x000000075fb80000,0x00000007608795c8,0x0000000760880000)
  to   space 14336K, 0% used [0x0000000763900000,0x0000000763900000,0x0000000764700000)
 ParOldGen       total 120832K, used 9901K [0x0000000688e00000, 0x0000000690400000, 0x0000000758500000)
  object space 120832K, 8% used [0x0000000688e00000,0x00000006897ab520,0x0000000690400000)
 Metaspace       used 34581K, capacity 35392K, committed 35496K, reserved 1079296K
  class space    used 4553K, capacity 4755K, committed 4776K, reserved 1048576K
Event: 12.761 GC heap after
Heap after GC invocations=7 (full 2):
 PSYoungGen      total 134656K, used 0K [0x0000000758500000, 0x0000000764700000, 0x00000007c0000000)
  eden space 121344K, 0% used [0x0000000758500000,0x0000000758500000,0x000000075fb80000)
  from space 13312K, 0% used [0x000000075fb80000,0x000000075fb80000,0x0000000760880000)
  to   space 14336K, 0% used [0x0000000763900000,0x0000000763900000,0x0000000764700000)
 ParOldGen       total 175104K, used 16518K [0x0000000688e00000, 0x0000000693900000, 0x0000000758500000)
  object space 175104K, 9% used [0x0000000688e00000,0x0000000689e21b30,0x0000000693900000)
 Metaspace       used 34581K, capacity 35392K, committed 35496K, reserved 1079296K
  class space    used 4553K, capacity 4755K, committed 4776K, reserved 1048576K
}

